#
# There is insufficient memory for the Java Runtime Environment to continue.
# Native memory allocation (mmap) failed to map 65536 bytes for Failed to commit metaspace.
# Possible reasons:
#   The system is out of physical RAM or swap space
#   The process is running with CompressedOops enabled, and the Java Heap may be blocking the growth of the native heap
# Possible solutions:
#   Reduce memory load on the system
#   Increase physical memory or swap space
#   Check if swap backing store is full
#   Decrease Java heap size (-Xmx/-Xms)
#   Decrease number of Java threads
#   Decrease Java thread stack sizes (-Xss)
#   Set larger code cache with -XX:ReservedCodeCacheSize=
#   JVM is running with Unscaled Compressed Oops mode in which the Java heap is
#     placed in the first 4GB address space. The Java Heap base address is the
#     maximum limit for the native heap growth. Please use -XX:HeapBaseMinAddress
#     to set the Java Heap base and to place the Java Heap above 4GB virtual address.
# This output file may be truncated or incomplete.
#
#  Out of Memory Error (virtualSpaceNode.cpp:110), pid=20644, tid=19224
#
# JRE version: OpenJDK Runtime Environment Temurin-17.0.6+10 (17.0.6+10) (build 17.0.6+10)
# Java VM: OpenJDK 64-Bit Server VM Temurin-17.0.6+10 (17.0.6+10, mixed mode, tiered, compressed oops, compressed class ptrs, parallel gc, windows-amd64)
# No core dump will be written. Minidumps are not enabled by default on client versions of Windows
#

---------------  S U M M A R Y ------------

Command Line: --add-modules=ALL-SYSTEM --add-opens=java.base/java.util=ALL-UNNAMED --add-opens=java.base/java.lang=ALL-UNNAMED --add-opens=java.base/sun.nio.fs=ALL-UNNAMED -Declipse.application=org.eclipse.jdt.ls.core.id1 -Dosgi.bundles.defaultStartLevel=4 -Declipse.product=org.eclipse.jdt.ls.core.product -Djava.import.generatesMetadataFilesAtProjectRoot=false -Dfile.encoding=utf8 -XX:+UseParallelGC -XX:GCTimeRatio=4 -XX:AdaptiveSizePolicyWeight=90 -Dsun.zip.disableMemoryMapping=true -Xmx1G -Xms100m -Xlog:disable -javaagent:c:\Users\Derek Hansen\.vscode\extensions\redhat.java-1.16.0-win32-x64\lombok\lombok-1.18.24.jar -XX:+HeapDumpOnOutOfMemoryError -XX:HeapDumpPath=c:\Users\Derek Hansen\AppData\Roaming\Code\User\workspaceStorage\db3c88f1ac4956606dfded923fbef6ac\redhat.java c:\Users\Derek Hansen\.vscode\extensions\redhat.java-1.16.0-win32-x64\server\plugins\org.eclipse.equinox.launcher_1.6.400.v20210924-0641.jar -configuration c:\Users\Derek Hansen\AppData\Roaming\Code\User\globalStorage\redhat.java\1.16.0\config_win -data c:\Users\Derek Hansen\AppData\Roaming\Code\User\workspaceStorage\db3c88f1ac4956606dfded923fbef6ac\redhat.java\jdt_ws

Host: AMD Ryzen 5 PRO 4650U with Radeon Graphics, 12 cores, 15G,  Windows 10 , 64 bit Build 19041 (10.0.19041.2546)
Time: Sat Apr  1 11:24:31 2023 Eastern Daylight Time elapsed time: 1.188961 seconds (0d 0h 0m 1s)

---------------  T H R E A D  ---------------

Current thread (0x0000027b6bad04a0):  JavaThread "main" [_thread_in_vm, id=19224, stack(0x000000e926b00000,0x000000e926c00000)]

Stack: [0x000000e926b00000,0x000000e926c00000]
Native frames: (J=compiled Java code, j=interpreted, Vv=VM code, C=native code)
V  [jvm.dll+0x67741a]
V  [jvm.dll+0x834434]
V  [jvm.dll+0x835bde]
V  [jvm.dll+0x836243]
V  [jvm.dll+0x2457b5]
V  [jvm.dll+0x8304cb]
V  [jvm.dll+0x61bca6]
V  [jvm.dll+0x1c05fe]
V  [jvm.dll+0x61e5f1]
V  [jvm.dll+0x61c646]
V  [jvm.dll+0x23b2a0]
V  [jvm.dll+0x1eae0d]
V  [jvm.dll+0x1e0841]
V  [jvm.dll+0x53c6d0]
V  [jvm.dll+0x7af5e8]
V  [jvm.dll+0x7af6d4]
V  [jvm.dll+0x40bc05]
V  [jvm.dll+0x411d58]
C  [java.dll+0x17ec]

Java frames: (J=compiled Java code, j=interpreted, Vv=VM code)
j  java.lang.ClassLoader.defineClass1(Ljava/lang/ClassLoader;Ljava/lang/String;[BIILjava/security/ProtectionDomain;Ljava/lang/String;)Ljava/lang/Class;+0 java.base@17.0.6
j  java.lang.ClassLoader.defineClass(Ljava/lang/String;[BIILjava/security/ProtectionDomain;)Ljava/lang/Class;+27 java.base@17.0.6
j  java.security.SecureClassLoader.defineClass(Ljava/lang/String;[BIILjava/security/CodeSource;)Ljava/lang/Class;+12 java.base@17.0.6
j  java.net.URLClassLoader.defineClass(Ljava/lang/String;Ljdk/internal/loader/Resource;)Ljava/lang/Class;+221 java.base@17.0.6
j  java.net.URLClassLoader$1.run()Ljava/lang/Class;+43 java.base@17.0.6
j  java.net.URLClassLoader$1.run()Ljava/lang/Object;+1 java.base@17.0.6
j  java.security.AccessController.executePrivileged(Ljava/security/PrivilegedExceptionAction;Ljava/security/AccessControlContext;Ljava/lang/Class;)Ljava/lang/Object;+29 java.base@17.0.6
j  java.security.AccessController.doPrivileged(Ljava/security/PrivilegedExceptionAction;Ljava/security/AccessControlContext;)Ljava/lang/Object;+13 java.base@17.0.6
j  java.net.URLClassLoader.findClass(Ljava/lang/String;)Ljava/lang/Class;+13 java.base@17.0.6
j  java.lang.ClassLoader.loadClass(Ljava/lang/String;Z)Ljava/lang/Class;+69 java.base@17.0.6
J 803 c1 java.lang.ClassLoader.loadClass(Ljava/lang/String;)Ljava/lang/Class; java.base@17.0.6 (7 bytes) @ 0x0000027b6e8a9bbc [0x0000027b6e8a9ac0+0x00000000000000fc]
v  ~StubRoutines::call_stub
j  org.eclipse.osgi.internal.framework.EquinoxConfiguration.<init>(Ljava/util/Map;Lorg/eclipse/osgi/internal/hookregistry/HookRegistry;)V+54
j  org.eclipse.osgi.internal.framework.EquinoxContainer.<init>(Ljava/util/Map;Lorg/osgi/framework/connect/ModuleConnector;)V+81
j  org.eclipse.osgi.launch.Equinox.<init>(Ljava/util/Map;Lorg/osgi/framework/connect/ModuleConnector;)V+10
j  org.eclipse.osgi.launch.Equinox.<init>(Ljava/util/Map;)V+3
j  org.eclipse.core.runtime.adaptor.EclipseStarter.startup([Ljava/lang/String;Ljava/lang/Runnable;)Lorg/osgi/framework/BundleContext;+28
j  org.eclipse.core.runtime.adaptor.EclipseStarter.run([Ljava/lang/String;Ljava/lang/Runnable;)Ljava/lang/Object;+21
v  ~StubRoutines::call_stub
j  jdk.internal.reflect.NativeMethodAccessorImpl.invoke0(Ljava/lang/reflect/Method;Ljava/lang/Object;[Ljava/lang/Object;)Ljava/lang/Object;+0 java.base@17.0.6
j  jdk.internal.reflect.NativeMethodAccessorImpl.invoke(Ljava/lang/Object;[Ljava/lang/Object;)Ljava/lang/Object;+133 java.base@17.0.6
j  jdk.internal.reflect.DelegatingMethodAccessorImpl.invoke(Ljava/lang/Object;[Ljava/lang/Object;)Ljava/lang/Object;+6 java.base@17.0.6
j  java.lang.reflect.Method.invoke(Ljava/lang/Object;[Ljava/lang/Object;)Ljava/lang/Object;+59 java.base@17.0.6
j  org.eclipse.equinox.launcher.Main.invokeFramework([Ljava/lang/String;[Ljava/net/URL;)V+201
j  org.eclipse.equinox.launcher.Main.basicRun([Ljava/lang/String;)V+159
j  org.eclipse.equinox.launcher.Main.run([Ljava/lang/String;)I+4
j  org.eclipse.equinox.launcher.Main.main([Ljava/lang/String;)V+10
v  ~StubRoutines::call_stub

---------------  P R O C E S S  ---------------

Threads class SMR info:
_java_thread_list=0x0000027b017758d0, length=14, elements={
0x0000027b6bad04a0, 0x0000027b7f953740, 0x0000027b7f957c40, 0x0000027b0144c180,
0x0000027b0144ca40, 0x0000027b0144daa0, 0x0000027b0146eb10, 0x0000027b01470830,
0x0000027b01479d10, 0x0000027b0147c440, 0x0000027b015a7580, 0x0000027b0177a350,
0x0000027b02acf860, 0x0000027b0179f570
}

Java Threads: ( => current thread )
=>0x0000027b6bad04a0 JavaThread "main" [_thread_in_vm, id=19224, stack(0x000000e926b00000,0x000000e926c00000)]
  0x0000027b7f953740 JavaThread "Reference Handler" daemon [_thread_blocked, id=9320, stack(0x000000e926e00000,0x000000e926f00000)]
  0x0000027b7f957c40 JavaThread "Finalizer" daemon [_thread_blocked, id=4180, stack(0x000000e926f00000,0x000000e927000000)]
  0x0000027b0144c180 JavaThread "Signal Dispatcher" daemon [_thread_blocked, id=20352, stack(0x000000e927000000,0x000000e927100000)]
  0x0000027b0144ca40 JavaThread "Attach Listener" daemon [_thread_blocked, id=2708, stack(0x000000e927100000,0x000000e927200000)]
  0x0000027b0144daa0 JavaThread "Service Thread" daemon [_thread_blocked, id=2044, stack(0x000000e927200000,0x000000e927300000)]
  0x0000027b0146eb10 JavaThread "Monitor Deflation Thread" daemon [_thread_blocked, id=9292, stack(0x000000e927300000,0x000000e927400000)]
  0x0000027b01470830 JavaThread "C2 CompilerThread0" daemon [_thread_blocked, id=2428, stack(0x000000e927400000,0x000000e927500000)]
  0x0000027b01479d10 JavaThread "C1 CompilerThread0" daemon [_thread_blocked, id=11396, stack(0x000000e927500000,0x000000e927600000)]
  0x0000027b0147c440 JavaThread "Sweeper thread" daemon [_thread_blocked, id=6476, stack(0x000000e927600000,0x000000e927700000)]
  0x0000027b015a7580 JavaThread "Common-Cleaner" daemon [_thread_blocked, id=10400, stack(0x000000e927700000,0x000000e927800000)]
  0x0000027b0177a350 JavaThread "Notification Thread" daemon [_thread_blocked, id=10812, stack(0x000000e927800000,0x000000e927900000)]
  0x0000027b02acf860 JavaThread "C2 CompilerThread1" daemon [_thread_blocked, id=18136, stack(0x000000e927a00000,0x000000e927b00000)]
  0x0000027b0179f570 JavaThread "C2 CompilerThread2" daemon [_thread_blocked, id=21944, stack(0x000000e927b00000,0x000000e927c00000)]

Other Threads:
  0x0000027b01422170 VMThread "VM Thread" [stack: 0x000000e926d00000,0x000000e926e00000] [id=12348]
  0x0000027b01777650 WatcherThread [stack: 0x000000e927900000,0x000000e927a00000] [id=7376]
  0x0000027b6bae50b0 GCTaskThread "GC Thread#0" [stack: 0x000000e926c00000,0x000000e926d00000] [id=23348]

Threads with active compile tasks:

VM state: not at safepoint (normal execution)

VM Mutex/Monitor currently owned by a thread:  ([mutex/lock_event])
[0x0000027b6bacb010] Metaspace_lock - owner thread: 0x0000027b6bad04a0

Heap address: 0x00000000c0000000, size: 1024 MB, Compressed Oops mode: 32-bit

CDS archive(s) not mapped
Compressed class space mapped at: 0x0000000100000000-0x0000000140000000, reserved size: 1073741824
Narrow klass base: 0x0000000000000000, Narrow klass shift: 3, Narrow klass range: 0x140000000

GC Precious Log:
 CPUs: 12 total, 12 available
 Memory: 15591M
 Large Page Support: Disabled
 NUMA Support: Disabled
 Compressed Oops: Enabled (32-bit)
 Alignments: Space 512K, Generation 512K, Heap 2M
 Heap Min Capacity: 100M
 Heap Initial Capacity: 100M
 Heap Max Capacity: 1G
 Pre-touch: Disabled
 Parallel Workers: 10

Heap:
 PSYoungGen      total 29696K, used 21247K [0x00000000eab00000, 0x00000000ecc00000, 0x0000000100000000)
  eden space 25600K, 82% used [0x00000000eab00000,0x00000000ebfbfc10,0x00000000ec400000)
  from space 4096K, 0% used [0x00000000ec800000,0x00000000ec800000,0x00000000ecc00000)
  to   space 4096K, 0% used [0x00000000ec400000,0x00000000ec400000,0x00000000ec800000)
 ParOldGen       total 68608K, used 0K [0x00000000c0000000, 0x00000000c4300000, 0x00000000eab00000)
  object space 68608K, 0% used [0x00000000c0000000,0x00000000c0000000,0x00000000c4300000)
 Metaspace       used 9895K, committed 9984K, reserved 1064960K
  class space    used 979K, committed 1024K, reserved 1048576K

Card table byte_map: [0x0000027b6b480000,0x0000027b6b690000] _byte_map_base: 0x0000027b6ae80000

Marking Bits: (ParMarkBitMap*) 0x00007ffa748c3e70
 Begin Bits: [0x0000027b7d760000, 0x0000027b7e760000)
 End Bits:   [0x0000027b7e760000, 0x0000027b7f760000)

Polling page: 0x0000027b69a40000

Metaspace:

Usage:
  Non-class:      8.71 MB used.
      Class:    979.35 KB used.
       Both:      9.66 MB used.

Virtual space:
  Non-class space:       16.00 MB reserved,       8.75 MB ( 55%) committed,  2 nodes.
      Class space:        1.00 GB reserved,       1.00 MB ( <1%) committed,  1 nodes.
             Both:        1.02 GB reserved,       9.75 MB ( <1%) committed. 

Chunk freelists:
   Non-Class:  2.67 MB
       Class:  3.00 MB
        Both:  5.67 MB

MaxMetaspaceSize: unlimited
CompressedClassSpaceSize: 1.00 GB
Initial GC threshold: 21.00 MB
Current GC threshold: 21.00 MB
CDS: off
MetaspaceReclaimPolicy: balanced
 - commit_granule_bytes: 65536.
 - commit_granule_words: 8192.
 - virtual_space_node_default_size: 1048576.
 - enlarge_chunks_in_place: 1.
 - new_chunks_are_fully_committed: 0.
 - uncommit_free_chunks: 1.
 - use_allocation_guard: 0.
 - handle_deallocations: 1.


Internal statistics:

num_allocs_failed_limit: 0.
num_arena_births: 16.
num_arena_deaths: 0.
num_vsnodes_births: 3.
num_vsnodes_deaths: 0.
num_space_committed: 156.
num_space_uncommitted: 0.
num_chunks_returned_to_freelist: 0.
num_chunks_taken_from_freelist: 64.
num_chunk_merges: 0.
num_chunk_splits: 38.
num_chunks_enlarged: 33.
num_purges: 0.
num_inconsistent_stats: 0.

CodeHeap 'non-profiled nmethods': size=120000Kb used=347Kb max_used=347Kb free=119652Kb
 bounds [0x0000027b76230000, 0x0000027b764a0000, 0x0000027b7d760000]
CodeHeap 'profiled nmethods': size=120000Kb used=1342Kb max_used=1342Kb free=118657Kb
 bounds [0x0000027b6e760000, 0x0000027b6e9d0000, 0x0000027b75c90000]
CodeHeap 'non-nmethods': size=5760Kb used=1137Kb max_used=1188Kb free=4622Kb
 bounds [0x0000027b75c90000, 0x0000027b75f00000, 0x0000027b76230000]
 total_blobs=1245 nmethods=820 adapters=340
 compilation: enabled
              stopped_count=0, restarted_count=0
 full_count=0

Compilation events (20 events):
Event: 1.181 Thread 0x0000027b01479d10 nmethod 810 0x0000027b6e8ab510 code [0x0000027b6e8ab700, 0x0000027b6e8abc18]
Event: 1.182 Thread 0x0000027b01479d10  811       3       jdk.internal.jimage.ImageStringsReader::match (11 bytes)
Event: 1.182 Thread 0x0000027b01479d10 nmethod 811 0x0000027b6e8abd90 code [0x0000027b6e8abf40, 0x0000027b6e8ac108]
Event: 1.182 Thread 0x0000027b0179f570  813       4       java.nio.Buffer::scope (17 bytes)
Event: 1.182 Thread 0x0000027b01479d10  812       3       jdk.internal.jimage.BasicImageReader::match (37 bytes)
Event: 1.182 Thread 0x0000027b01479d10 nmethod 812 0x0000027b6e8ac210 code [0x0000027b6e8ac3e0, 0x0000027b6e8ac678]
Event: 1.183 Thread 0x0000027b01479d10  815       3       jdk.internal.jimage.BasicImageReader::getLocationIndex (52 bytes)
Event: 1.183 Thread 0x0000027b0179f570 nmethod 813 0x0000027b76283f10 code [0x0000027b76284080, 0x0000027b76284118]
Event: 1.183 Thread 0x0000027b0179f570  814   !   4       jdk.internal.misc.ScopedMemoryAccess::getByte (20 bytes)
Event: 1.183 Thread 0x0000027b01479d10 nmethod 815 0x0000027b6e8ac790 code [0x0000027b6e8ac980, 0x0000027b6e8ace18]
Event: 1.183 Thread 0x0000027b01479d10  816       3       jdk.internal.jimage.ImageStringsReader::hashCode (8 bytes)
Event: 1.183 Thread 0x0000027b01479d10 nmethod 816 0x0000027b6e8ad090 code [0x0000027b6e8ad240, 0x0000027b6e8ad3f8]
Event: 1.183 Thread 0x0000027b01479d10  817       3       jdk.internal.module.SystemModuleFinders$SystemModuleReader::find (59 bytes)
Event: 1.184 Thread 0x0000027b0179f570 nmethod 814 0x0000027b76284210 code [0x0000027b76284380, 0x0000027b76284438]
Event: 1.185 Thread 0x0000027b01479d10 nmethod 817 0x0000027b6e8ad510 code [0x0000027b6e8ad7c0, 0x0000027b6e8ae268]
Event: 1.185 Thread 0x0000027b01479d10  818       3       jdk.internal.module.SystemModuleFinders$SystemModuleReader::containsImageLocation (42 bytes)
Event: 1.185 Thread 0x0000027b0179f570  820       4       java.lang.String::indexOf (29 bytes)
Event: 1.185 Thread 0x0000027b01479d10 nmethod 818 0x0000027b6e8ae690 code [0x0000027b6e8ae8a0, 0x0000027b6e8aef38]
Event: 1.185 Thread 0x0000027b01479d10  819       3       jdk.internal.jimage.ImageReader::verifyLocation (14 bytes)
Event: 1.186 Thread 0x0000027b01479d10 nmethod 819 0x0000027b6e8af210 code [0x0000027b6e8af3e0, 0x0000027b6e8af718]

GC Heap History (0 events):
No events

Dll operation events (8 events):
Event: 0.012 Loaded shared library c:\Users\Derek Hansen\.vscode\extensions\redhat.java-1.16.0-win32-x64\jre\17.0.6-win32-x86_64\bin\java.dll
Event: 0.175 Loaded shared library c:\Users\Derek Hansen\.vscode\extensions\redhat.java-1.16.0-win32-x64\jre\17.0.6-win32-x86_64\bin\zip.dll
Event: 0.178 Loaded shared library C:\Users\Derek Hansen\.vscode\extensions\redhat.java-1.16.0-win32-x64\jre\17.0.6-win32-x86_64\bin\instrument.dll
Event: 0.197 Loaded shared library C:\Users\Derek Hansen\.vscode\extensions\redhat.java-1.16.0-win32-x64\jre\17.0.6-win32-x86_64\bin\net.dll
Event: 0.199 Loaded shared library C:\Users\Derek Hansen\.vscode\extensions\redhat.java-1.16.0-win32-x64\jre\17.0.6-win32-x86_64\bin\nio.dll
Event: 0.209 Loaded shared library C:\Users\Derek Hansen\.vscode\extensions\redhat.java-1.16.0-win32-x64\jre\17.0.6-win32-x86_64\bin\zip.dll
Event: 0.230 Loaded shared library C:\Users\Derek Hansen\.vscode\extensions\redhat.java-1.16.0-win32-x64\jre\17.0.6-win32-x86_64\bin\jimage.dll
Event: 0.300 Loaded shared library c:\Users\Derek Hansen\.vscode\extensions\redhat.java-1.16.0-win32-x64\jre\17.0.6-win32-x86_64\bin\verify.dll

Deoptimization events (20 events):
Event: 1.165 Thread 0x0000027b6bad04a0 DEOPT PACKING pc=0x0000027b6e86b4e1 sp=0x000000e926bfd140
Event: 1.165 Thread 0x0000027b6bad04a0 DEOPT UNPACKING pc=0x0000027b75ce6e43 sp=0x000000e926bfc5c8 mode 0
Event: 1.165 Thread 0x0000027b6bad04a0 DEOPT PACKING pc=0x0000027b6e86b4e1 sp=0x000000e926bfd140
Event: 1.165 Thread 0x0000027b6bad04a0 DEOPT UNPACKING pc=0x0000027b75ce6e43 sp=0x000000e926bfc5c8 mode 0
Event: 1.178 Thread 0x0000027b6bad04a0 Uncommon trap: trap_request=0xffffffde fr.pc=0x0000027b7626cc2c relative=0x00000000000009ec
Event: 1.178 Thread 0x0000027b6bad04a0 Uncommon trap: reason=class_check action=maybe_recompile pc=0x0000027b7626cc2c method=java.util.HashMap.putVal(ILjava/lang/Object;Ljava/lang/Object;ZZ)Ljava/lang/Object; @ 203 c2
Event: 1.178 Thread 0x0000027b6bad04a0 DEOPT PACKING pc=0x0000027b7626cc2c sp=0x000000e926bfdc90
Event: 1.178 Thread 0x0000027b6bad04a0 DEOPT UNPACKING pc=0x0000027b75ce66a3 sp=0x000000e926bfdba8 mode 2
Event: 1.179 Thread 0x0000027b6bad04a0 Uncommon trap: trap_request=0xffffffde fr.pc=0x0000027b7626cc2c relative=0x00000000000009ec
Event: 1.179 Thread 0x0000027b6bad04a0 Uncommon trap: reason=class_check action=maybe_recompile pc=0x0000027b7626cc2c method=java.util.HashMap.putVal(ILjava/lang/Object;Ljava/lang/Object;ZZ)Ljava/lang/Object; @ 203 c2
Event: 1.179 Thread 0x0000027b6bad04a0 DEOPT PACKING pc=0x0000027b7626cc2c sp=0x000000e926bfdc90
Event: 1.179 Thread 0x0000027b6bad04a0 DEOPT UNPACKING pc=0x0000027b75ce66a3 sp=0x000000e926bfdba8 mode 2
Event: 1.179 Thread 0x0000027b6bad04a0 Uncommon trap: trap_request=0xffffffde fr.pc=0x0000027b7626cc2c relative=0x00000000000009ec
Event: 1.179 Thread 0x0000027b6bad04a0 Uncommon trap: reason=class_check action=maybe_recompile pc=0x0000027b7626cc2c method=java.util.HashMap.putVal(ILjava/lang/Object;Ljava/lang/Object;ZZ)Ljava/lang/Object; @ 203 c2
Event: 1.179 Thread 0x0000027b6bad04a0 DEOPT PACKING pc=0x0000027b7626cc2c sp=0x000000e926bfdc90
Event: 1.179 Thread 0x0000027b6bad04a0 DEOPT UNPACKING pc=0x0000027b75ce66a3 sp=0x000000e926bfdba8 mode 2
Event: 1.179 Thread 0x0000027b6bad04a0 Uncommon trap: trap_request=0xffffffde fr.pc=0x0000027b7626cc2c relative=0x00000000000009ec
Event: 1.179 Thread 0x0000027b6bad04a0 Uncommon trap: reason=class_check action=maybe_recompile pc=0x0000027b7626cc2c method=java.util.HashMap.putVal(ILjava/lang/Object;Ljava/lang/Object;ZZ)Ljava/lang/Object; @ 203 c2
Event: 1.179 Thread 0x0000027b6bad04a0 DEOPT PACKING pc=0x0000027b7626cc2c sp=0x000000e926bfdc90
Event: 1.179 Thread 0x0000027b6bad04a0 DEOPT UNPACKING pc=0x0000027b75ce66a3 sp=0x000000e926bfdba8 mode 2

Classes unloaded (0 events):
No events

Classes redefined (0 events):
No events

Internal exceptions (10 events):
Event: 0.147 Thread 0x0000027b6bad04a0 Exception <a 'java/lang/NoSuchMethodError'{0x00000000eacb2520}: 'void java.lang.invoke.DirectMethodHandle$Holder.invokeStatic(java.lang.Object, java.lang.Object, java.lang.Object)'> (0x00000000eacb2520) 
thrown [s\src\hotspot\share\interpreter\linkResolver.cpp, line 759]
Event: 0.326 Thread 0x0000027b6bad04a0 Exception <a 'java/lang/reflect/InvocationTargetException'{0x00000000eaf87f30}> (0x00000000eaf87f30) 
thrown [s\src\hotspot\share\runtime\reflection.cpp, line 1121]
Event: 0.823 Thread 0x0000027b6bad04a0 Exception <a 'java/lang/ClassNotFoundException'{0x00000000eb78e358}: sun/net/www/protocol/c/Handler> (0x00000000eb78e358) 
thrown [s\src\hotspot\share\classfile\systemDictionary.cpp, line 256]
Event: 0.831 Thread 0x0000027b6bad04a0 Exception <a 'java/io/FileNotFoundException'{0x00000000eb7a96e0}> (0x00000000eb7a96e0) 
thrown [s\src\hotspot\share\prims\jni.cpp, line 516]
Event: 0.832 Thread 0x0000027b6bad04a0 Exception <a 'java/io/FileNotFoundException'{0x00000000eb7aa448}> (0x00000000eb7aa448) 
thrown [s\src\hotspot\share\prims\jni.cpp, line 516]
Event: 0.832 Thread 0x0000027b6bad04a0 Exception <a 'java/io/FileNotFoundException'{0x00000000eb7ab190}> (0x00000000eb7ab190) 
thrown [s\src\hotspot\share\prims\jni.cpp, line 516]
Event: 0.833 Thread 0x0000027b6bad04a0 Exception <a 'java/io/FileNotFoundException'{0x00000000eb7abea8}> (0x00000000eb7abea8) 
thrown [s\src\hotspot\share\prims\jni.cpp, line 516]
Event: 0.840 Thread 0x0000027b6bad04a0 Implicit null exception at 0x0000027b76250cf2 to 0x0000027b76251210
Event: 0.840 Thread 0x0000027b6bad04a0 Implicit null exception at 0x0000027b76252272 to 0x0000027b762527a0
Event: 0.850 Thread 0x0000027b6bad04a0 Exception <a 'java/io/FileNotFoundException'{0x00000000eb7ea6b8}> (0x00000000eb7ea6b8) 
thrown [s\src\hotspot\share\prims\jni.cpp, line 516]

VM Operations (8 events):
Event: 0.152 Executing VM operation: HandshakeAllThreads
Event: 0.152 Executing VM operation: HandshakeAllThreads done
Event: 0.255 Executing VM operation: HandshakeAllThreads
Event: 0.255 Executing VM operation: HandshakeAllThreads done
Event: 0.758 Executing VM operation: HandshakeAllThreads
Event: 0.758 Executing VM operation: HandshakeAllThreads done
Event: 0.797 Executing VM operation: HandshakeAllThreads
Event: 0.797 Executing VM operation: HandshakeAllThreads done

Events (20 events):
Event: 1.089 loading class java/lang/reflect/ProxyGenerator$PrimitiveTypeInfo
Event: 1.089 loading class java/lang/reflect/ProxyGenerator$PrimitiveTypeInfo done
Event: 1.090 loading class jdk/internal/org/objectweb/asm/Edge
Event: 1.090 loading class jdk/internal/org/objectweb/asm/Edge done
Event: 1.092 loading class java/lang/reflect/Proxy$ProxyBuilder$1
Event: 1.092 loading class java/lang/reflect/Proxy$ProxyBuilder$1 done
Event: 1.093 loading class java/lang/annotation/Target
Event: 1.093 loading class java/lang/annotation/Target done
Event: 1.096 loading class java/lang/ClassFormatError
Event: 1.096 loading class java/lang/ClassFormatError done
Event: 1.102 loading class java/util/NoSuchElementException
Event: 1.102 loading class java/util/NoSuchElementException done
Event: 1.127 loading class java/net/URLClassLoader$2
Event: 1.127 loading class java/net/URLClassLoader$2 done
Event: 1.175 loading class java/io/BufferedReader
Event: 1.175 loading class java/io/BufferedReader done
Event: 1.175 loading class sun/nio/cs/StreamDecoder
Event: 1.176 loading class sun/nio/cs/StreamDecoder done
Event: 1.182 loading class jdk/internal/misc/ScopedMemoryAccess$Scope
Event: 1.182 loading class jdk/internal/misc/ScopedMemoryAccess$Scope done


Dynamic libraries:
0x00007ff63b6d0000 - 0x00007ff63b6de000 	c:\Users\Derek Hansen\.vscode\extensions\redhat.java-1.16.0-win32-x64\jre\17.0.6-win32-x86_64\bin\java.exe
0x00007ffae2d50000 - 0x00007ffae2f48000 	C:\Windows\SYSTEM32\ntdll.dll
0x00007ffae23b0000 - 0x00007ffae246f000 	C:\Windows\System32\KERNEL32.DLL
0x00007ffae08a0000 - 0x00007ffae0b72000 	C:\Windows\System32\KERNELBASE.dll
0x00007ffae0b80000 - 0x00007ffae0c80000 	C:\Windows\System32\ucrtbase.dll
0x00007ffac3ed0000 - 0x00007ffac3ee7000 	c:\Users\Derek Hansen\.vscode\extensions\redhat.java-1.16.0-win32-x64\jre\17.0.6-win32-x86_64\bin\jli.dll
0x00007ffac2580000 - 0x00007ffac2599000 	c:\Users\Derek Hansen\.vscode\extensions\redhat.java-1.16.0-win32-x64\jre\17.0.6-win32-x86_64\bin\VCRUNTIME140.dll
0x00007ffae1aa0000 - 0x00007ffae1c41000 	C:\Windows\System32\USER32.dll
0x00007ffac2260000 - 0x00007ffac24fa000 	C:\Windows\WinSxS\amd64_microsoft.windows.common-controls_6595b64144ccf1df_6.0.19041.1110_none_60b5254171f9507e\COMCTL32.dll
0x00007ffae0550000 - 0x00007ffae0572000 	C:\Windows\System32\win32u.dll
0x00007ffae1180000 - 0x00007ffae121e000 	C:\Windows\System32\msvcrt.dll
0x00007ffae1a70000 - 0x00007ffae1a9b000 	C:\Windows\System32\GDI32.dll
0x00007ffae0790000 - 0x00007ffae089f000 	C:\Windows\System32\gdi32full.dll
0x00007ffae0cb0000 - 0x00007ffae0d4d000 	C:\Windows\System32\msvcp_win.dll
0x00007ffae0e00000 - 0x00007ffae0e30000 	C:\Windows\System32\IMM32.DLL
0x00007ffade200000 - 0x00007ffade20c000 	c:\Users\Derek Hansen\.vscode\extensions\redhat.java-1.16.0-win32-x64\jre\17.0.6-win32-x86_64\bin\vcruntime140_1.dll
0x00007ffab7cb0000 - 0x00007ffab7d41000 	c:\Users\Derek Hansen\.vscode\extensions\redhat.java-1.16.0-win32-x64\jre\17.0.6-win32-x86_64\bin\msvcp140.dll
0x00007ffa73d40000 - 0x00007ffa74987000 	c:\Users\Derek Hansen\.vscode\extensions\redhat.java-1.16.0-win32-x64\jre\17.0.6-win32-x86_64\bin\server\jvm.dll
0x00007ffae12a0000 - 0x00007ffae134e000 	C:\Windows\System32\ADVAPI32.dll
0x00007ffae2a60000 - 0x00007ffae2afc000 	C:\Windows\System32\sechost.dll
0x00007ffae1350000 - 0x00007ffae1474000 	C:\Windows\System32\RPCRT4.dll
0x00007ffad5870000 - 0x00007ffad5897000 	C:\Windows\SYSTEM32\WINMM.dll
0x00007ffad9160000 - 0x00007ffad916a000 	C:\Windows\SYSTEM32\VERSION.dll
0x00007ffada7b0000 - 0x00007ffada7b9000 	C:\Windows\SYSTEM32\WSOCK32.dll
0x00007ffae2470000 - 0x00007ffae24db000 	C:\Windows\System32\WS2_32.dll
0x00007ffadec90000 - 0x00007ffadeca2000 	C:\Windows\SYSTEM32\kernel.appcore.dll
0x00007ffadb8f0000 - 0x00007ffadb8fa000 	c:\Users\Derek Hansen\.vscode\extensions\redhat.java-1.16.0-win32-x64\jre\17.0.6-win32-x86_64\bin\jimage.dll
0x00007ffaddf60000 - 0x00007ffade144000 	C:\Windows\SYSTEM32\DBGHELP.DLL
0x00007ffac2000000 - 0x00007ffac2035000 	C:\Windows\SYSTEM32\dbgcore.DLL
0x00007ffae04c0000 - 0x00007ffae0542000 	C:\Windows\System32\bcryptPrimitives.dll
0x00007ffad6470000 - 0x00007ffad647e000 	c:\Users\Derek Hansen\.vscode\extensions\redhat.java-1.16.0-win32-x64\jre\17.0.6-win32-x86_64\bin\instrument.dll
0x00007ffabb050000 - 0x00007ffabb075000 	c:\Users\Derek Hansen\.vscode\extensions\redhat.java-1.16.0-win32-x64\jre\17.0.6-win32-x86_64\bin\java.dll
0x00007ffabfbd0000 - 0x00007ffabfbe8000 	c:\Users\Derek Hansen\.vscode\extensions\redhat.java-1.16.0-win32-x64\jre\17.0.6-win32-x86_64\bin\zip.dll
0x00007ffae1c60000 - 0x00007ffae23a5000 	C:\Windows\System32\SHELL32.dll
0x00007ffade4f0000 - 0x00007ffadec82000 	C:\Windows\SYSTEM32\windows.storage.dll
0x00007ffae1480000 - 0x00007ffae17d5000 	C:\Windows\System32\combase.dll
0x00007ffadfeb0000 - 0x00007ffadfee0000 	C:\Windows\SYSTEM32\Wldp.dll
0x00007ffae24e0000 - 0x00007ffae258d000 	C:\Windows\System32\SHCORE.dll
0x00007ffae0da0000 - 0x00007ffae0df5000 	C:\Windows\System32\shlwapi.dll
0x00007ffae0390000 - 0x00007ffae03af000 	C:\Windows\SYSTEM32\profapi.dll
0x00007ffaba7a0000 - 0x00007ffaba7b9000 	C:\Users\Derek Hansen\.vscode\extensions\redhat.java-1.16.0-win32-x64\jre\17.0.6-win32-x86_64\bin\net.dll
0x00007ffada940000 - 0x00007ffadaa4a000 	C:\Windows\SYSTEM32\WINHTTP.dll
0x00007ffadfba0000 - 0x00007ffadfc0a000 	C:\Windows\system32\mswsock.dll
0x00007ffab8d20000 - 0x00007ffab8d35000 	C:\Users\Derek Hansen\.vscode\extensions\redhat.java-1.16.0-win32-x64\jre\17.0.6-win32-x86_64\bin\nio.dll
0x00007ffad40f0000 - 0x00007ffad4100000 	c:\Users\Derek Hansen\.vscode\extensions\redhat.java-1.16.0-win32-x64\jre\17.0.6-win32-x86_64\bin\verify.dll

dbghelp: loaded successfully - version: 4.0.5 - missing functions: none
symbol engine: initialized successfully - sym options: 0x614 - pdb path: .;c:\Users\Derek Hansen\.vscode\extensions\redhat.java-1.16.0-win32-x64\jre\17.0.6-win32-x86_64\bin;C:\Windows\SYSTEM32;C:\Windows\WinSxS\amd64_microsoft.windows.common-controls_6595b64144ccf1df_6.0.19041.1110_none_60b5254171f9507e;c:\Users\Derek Hansen\.vscode\extensions\redhat.java-1.16.0-win32-x64\jre\17.0.6-win32-x86_64\bin\server

VM Arguments:
jvm_args: --add-modules=ALL-SYSTEM --add-opens=java.base/java.util=ALL-UNNAMED --add-opens=java.base/java.lang=ALL-UNNAMED --add-opens=java.base/sun.nio.fs=ALL-UNNAMED -Declipse.application=org.eclipse.jdt.ls.core.id1 -Dosgi.bundles.defaultStartLevel=4 -Declipse.product=org.eclipse.jdt.ls.core.product -Djava.import.generatesMetadataFilesAtProjectRoot=false -Dfile.encoding=utf8 -XX:+UseParallelGC -XX:GCTimeRatio=4 -XX:AdaptiveSizePolicyWeight=90 -Dsun.zip.disableMemoryMapping=true -Xmx1G -Xms100m -Xlog:disable -javaagent:c:\Users\Derek Hansen\.vscode\extensions\redhat.java-1.16.0-win32-x64\lombok\lombok-1.18.24.jar -XX:+HeapDumpOnOutOfMemoryError -XX:HeapDumpPath=c:\Users\Derek Hansen\AppData\Roaming\Code\User\workspaceStorage\db3c88f1ac4956606dfded923fbef6ac\redhat.java 
java_command: c:\Users\Derek Hansen\.vscode\extensions\redhat.java-1.16.0-win32-x64\server\plugins\org.eclipse.equinox.launcher_1.6.400.v20210924-0641.jar -configuration c:\Users\Derek Hansen\AppData\Roaming\Code\User\globalStorage\redhat.java\1.16.0\config_win -data c:\Users\Derek Hansen\AppData\Roaming\Code\User\workspaceStorage\db3c88f1ac4956606dfded923fbef6ac\redhat.java\jdt_ws
java_class_path (initial): c:\Users\Derek Hansen\.vscode\extensions\redhat.java-1.16.0-win32-x64\server\plugins\org.eclipse.equinox.launcher_1.6.400.v20210924-0641.jar
Launcher Type: SUN_STANDARD

[Global flags]
    uintx AdaptiveSizePolicyWeight                 = 90                                        {product} {command line}
     intx CICompilerCount                          = 4                                         {product} {ergonomic}
    uintx GCTimeRatio                              = 4                                         {product} {command line}
     bool HeapDumpOnOutOfMemoryError               = true                                   {manageable} {command line}
    ccstr HeapDumpPath                             = c:\Users\Derek Hansen\AppData\Roaming\Code\User\workspaceStorage\db3c88f1ac4956606dfded923fbef6ac\redhat.java         {manageable} {command line}
   size_t InitialHeapSize                          = 104857600                                 {product} {command line}
   size_t MaxHeapSize                              = 1073741824                                {product} {command line}
   size_t MaxNewSize                               = 357564416                                 {product} {ergonomic}
   size_t MinHeapDeltaBytes                        = 524288                                    {product} {ergonomic}
   size_t MinHeapSize                              = 104857600                                 {product} {command line}
   size_t NewSize                                  = 34603008                                  {product} {ergonomic}
    uintx NonNMethodCodeHeapSize                   = 5839372                                {pd product} {ergonomic}
    uintx NonProfiledCodeHeapSize                  = 122909434                              {pd product} {ergonomic}
   size_t OldSize                                  = 70254592                                  {product} {ergonomic}
    uintx ProfiledCodeHeapSize                     = 122909434                              {pd product} {ergonomic}
    uintx ReservedCodeCacheSize                    = 251658240                              {pd product} {ergonomic}
     bool SegmentedCodeCache                       = true                                      {product} {ergonomic}
   size_t SoftMaxHeapSize                          = 1073741824                             {manageable} {ergonomic}
     bool UseCompressedClassPointers               = true                           {product lp64_product} {ergonomic}
     bool UseCompressedOops                        = true                           {product lp64_product} {ergonomic}
     bool UseLargePagesIndividualAllocation        = false                                  {pd product} {ergonomic}
     bool UseParallelGC                            = true                                      {product} {command line}

Logging:
Log output configuration:
 #0: stdout all=off uptime,level,tags
 #1: stderr all=off uptime,level,tags

Environment Variables:
PATH=C:\Program Files (x86)\Common Files\Oracle\Java\javapath;C:\Windows\system32;C:\Windows;C:\Windows\System32\Wbem;C:\Windows\System32\WindowsPowerShell\v1.0\;C:\Windows\System32\OpenSSH\;C:\Program Files\Git\cmd;C:\Program Files\MATLAB\R2020b\bin;C:\ProgramData\chocolatey\bin;C:\Program Files (x86)\HP\Common\HPDestPlgIn\;C:\MinGW\bin;C:\Program Files\dotnet\;C:\Program Files\Calibre2\;C:\Program Files\nodejs\;C:\Users\Derek Hansen\AppData\Local\Microsoft\WindowsApps;C:\Users\Derek Hansen\AppData\Local\atom\bin;C:\Users\Derek Hansen\AppData\Local\Programs\Microsoft VS Code\bin;C:\Users\Derek Hansen\AppData\Roaming\cabal\bin;C:\tools\ghc-9.0.1\bin;C:\tools\msys64;C:\Users\Derek Hansen\AppData\Local\GitHubDesktop\bin;C:\ProgramData\Anaconda3;C:\ProgramData\Anaconda3\Scripts;C:\ProgramData\Anaconda3\Library\bin;C:\Program Files (x86)\HP\Common\HPDestPlgIn\;C:\Users\Derek Hansen\AppData\Roaming\npm
USERNAME=Derek-Hansen
OS=Windows_NT
PROCESSOR_IDENTIFIER=AMD64 Family 23 Model 96 Stepping 1, AuthenticAMD
TMP=C:\Users\Derek Hansen\AppData\Local\Temp
TEMP=C:\Users\Derek Hansen\AppData\Local\Temp



---------------  S Y S T E M  ---------------

OS:
 Windows 10 , 64 bit Build 19041 (10.0.19041.2546)
OS uptime: 6 days 9:02 hours

CPU: total 12 (initial active 12) (12 cores per cpu, 2 threads per core) family 23 model 96 stepping 1 microcode 0x0, cx8, cmov, fxsr, ht, mmx, 3dnowpref, sse, sse2, sse3, ssse3, sse4a, sse4.1, sse4.2, popcnt, lzcnt, tsc, tscinvbit, avx, avx2, aes, clmul, bmi1, bmi2, adx, sha, fma, vzeroupper, clflush, clflushopt

Memory: 4k page, system-wide physical 15591M (6504M free)
TotalPageFile size 62695M (AvailPageFile size 22M)
current process WorkingSet (physical memory assigned to process): 68M, peak: 68M
current process commit charge ("private bytes"): 206M, peak: 206M

vm_info: OpenJDK 64-Bit Server VM (17.0.6+10) for windows-amd64 JRE (17.0.6+10), built on Jan 18 2023 10:08:59 by "temurin" with MS VC++ 16.7 (VS2019)

END.
