#
# There is insufficient memory for the Java Runtime Environment to continue.
# Native memory allocation (malloc) failed to allocate 128976 bytes for Chunk::new
# Possible reasons:
#   The system is out of physical RAM or swap space
#   The process is running with CompressedOops enabled, and the Java Heap may be blocking the growth of the native heap
# Possible solutions:
#   Reduce memory load on the system
#   Increase physical memory or swap space
#   Check if swap backing store is full
#   Decrease Java heap size (-Xmx/-Xms)
#   Decrease number of Java threads
#   Decrease Java thread stack sizes (-Xss)
#   Set larger code cache with -XX:ReservedCodeCacheSize=
#   JVM is running with Unscaled Compressed Oops mode in which the Java heap is
#     placed in the first 4GB address space. The Java Heap base address is the
#     maximum limit for the native heap growth. Please use -XX:HeapBaseMinAddress
#     to set the Java Heap base and to place the Java Heap above 4GB virtual address.
# This output file may be truncated or incomplete.
#
#  Out of Memory Error (arena.cpp:189), pid=15300, tid=19540
#
# JRE version: OpenJDK Runtime Environment Temurin-17.0.6+10 (17.0.6+10) (build 17.0.6+10)
# Java VM: OpenJDK 64-Bit Server VM Temurin-17.0.6+10 (17.0.6+10, mixed mode, tiered, compressed oops, compressed class ptrs, parallel gc, windows-amd64)
# No core dump will be written. Minidumps are not enabled by default on client versions of Windows
#

---------------  S U M M A R Y ------------

Command Line: --add-modules=ALL-SYSTEM --add-opens=java.base/java.util=ALL-UNNAMED --add-opens=java.base/java.lang=ALL-UNNAMED --add-opens=java.base/sun.nio.fs=ALL-UNNAMED -Declipse.application=org.eclipse.jdt.ls.core.id1 -Dosgi.bundles.defaultStartLevel=4 -Declipse.product=org.eclipse.jdt.ls.core.product -Djava.import.generatesMetadataFilesAtProjectRoot=false -Dfile.encoding=utf8 -XX:+UseParallelGC -XX:GCTimeRatio=4 -XX:AdaptiveSizePolicyWeight=90 -Dsun.zip.disableMemoryMapping=true -Xmx1G -Xms100m -Xlog:disable -javaagent:c:\Users\Derek Hansen\.vscode\extensions\redhat.java-1.16.0-win32-x64\lombok\lombok-1.18.24.jar c:\Users\Derek Hansen\.vscode\extensions\redhat.java-1.16.0-win32-x64\server\plugins\org.eclipse.equinox.launcher_1.6.400.v20210924-0641.jar -configuration c:\Users\Derek Hansen\AppData\Roaming\Code\User\globalStorage\redhat.java\1.16.0\config_ss_win -data c:\Users\Derek Hansen\AppData\Roaming\Code\User\workspaceStorage\db3c88f1ac4956606dfded923fbef6ac\redhat.java\ss_ws

Host: AMD Ryzen 5 PRO 4650U with Radeon Graphics, 12 cores, 15G,  Windows 10 , 64 bit Build 19041 (10.0.19041.2546)
Time: Sat Apr  1 11:24:40 2023 Eastern Daylight Time elapsed time: 11.040640 seconds (0d 0h 0m 11s)

---------------  T H R E A D  ---------------

Current thread (0x000002a6797db930):  JavaThread "C2 CompilerThread1" daemon [_thread_in_native, id=19540, stack(0x000000f95cf00000,0x000000f95d000000)]


Current CompileTask:
C2:  11040 3531       4       org.eclipse.jdt.internal.core.util.HashtableOfArrayToObject::put (114 bytes)

Stack: [0x000000f95cf00000,0x000000f95d000000]
Native frames: (J=compiled Java code, j=interpreted, Vv=VM code, C=native code)
V  [jvm.dll+0x67741a]
V  [jvm.dll+0x834434]
V  [jvm.dll+0x835bde]
V  [jvm.dll+0x836243]
V  [jvm.dll+0x2457b5]
V  [jvm.dll+0xabafc]
V  [jvm.dll+0xac0cc]
V  [jvm.dll+0x2ac94f]
V  [jvm.dll+0x57de47]
V  [jvm.dll+0x220812]
V  [jvm.dll+0x219fd9]
V  [jvm.dll+0x21790b]
V  [jvm.dll+0x1a3d0d]
V  [jvm.dll+0x22742a]
V  [jvm.dll+0x225565]
V  [jvm.dll+0x7ea2cb]
V  [jvm.dll+0x7e483a]
V  [jvm.dll+0x6762c5]
C  [ucrtbase.dll+0x21bb2]
C  [KERNEL32.DLL+0x17614]
C  [ntdll.dll+0x526a1]


---------------  P R O C E S S  ---------------

Threads class SMR info:
_java_thread_list=0x000002a67e3d8930, length=28, elements={
0x000002a672d7fa90, 0x000002a677bfb470, 0x000002a679766bc0, 0x000002a679794940,
0x000002a679795400, 0x000002a679797cd0, 0x000002a679798d30, 0x000002a677c0a610,
0x000002a6797a2bb0, 0x000002a6797b3c30, 0x000002a6798761f0, 0x000002a67ada7f30,
0x000002a67b281920, 0x000002a67c3a76f0, 0x000002a67c34c860, 0x000002a67b2bb7a0,
0x000002a67c494f70, 0x000002a67c622440, 0x000002a67c622910, 0x000002a67c620c30,
0x000002a67c6215d0, 0x000002a67c61f420, 0x000002a67c622de0, 0x000002a6797db930,
0x000002a67c61fdc0, 0x000002a67c620290, 0x000002a67c621f70, 0x000002a67c620760
}

Java Threads: ( => current thread )
  0x000002a672d7fa90 JavaThread "main" [_thread_blocked, id=23548, stack(0x000000f95b300000,0x000000f95b400000)]
  0x000002a677bfb470 JavaThread "Reference Handler" daemon [_thread_blocked, id=20276, stack(0x000000f95b600000,0x000000f95b700000)]
  0x000002a679766bc0 JavaThread "Finalizer" daemon [_thread_blocked, id=7472, stack(0x000000f95b700000,0x000000f95b800000)]
  0x000002a679794940 JavaThread "Signal Dispatcher" daemon [_thread_blocked, id=11664, stack(0x000000f95b800000,0x000000f95b900000)]
  0x000002a679795400 JavaThread "Attach Listener" daemon [_thread_blocked, id=21392, stack(0x000000f95b900000,0x000000f95ba00000)]
  0x000002a679797cd0 JavaThread "Service Thread" daemon [_thread_blocked, id=15956, stack(0x000000f95ba00000,0x000000f95bb00000)]
  0x000002a679798d30 JavaThread "Monitor Deflation Thread" daemon [_thread_blocked, id=14816, stack(0x000000f95bb00000,0x000000f95bc00000)]
  0x000002a677c0a610 JavaThread "C2 CompilerThread0" daemon [_thread_in_native, id=18204, stack(0x000000f95bc00000,0x000000f95bd00000)]
  0x000002a6797a2bb0 JavaThread "C1 CompilerThread0" daemon [_thread_in_native, id=13848, stack(0x000000f95bd00000,0x000000f95be00000)]
  0x000002a6797b3c30 JavaThread "Sweeper thread" daemon [_thread_blocked, id=18896, stack(0x000000f95be00000,0x000000f95bf00000)]
  0x000002a6798761f0 JavaThread "Common-Cleaner" daemon [_thread_blocked, id=4064, stack(0x000000f95bf00000,0x000000f95c000000)]
  0x000002a67ada7f30 JavaThread "Notification Thread" daemon [_thread_blocked, id=20112, stack(0x000000f95c000000,0x000000f95c100000)]
  0x000002a67b281920 JavaThread "Active Thread: Equinox Container: 7db86b87-9d1e-4e28-9460-e0e7f58532f9" [_thread_blocked, id=10820, stack(0x000000f95c900000,0x000000f95ca00000)]
  0x000002a67c3a76f0 JavaThread "Framework Event Dispatcher: Equinox Container: 7db86b87-9d1e-4e28-9460-e0e7f58532f9" daemon [_thread_blocked, id=8848, stack(0x000000f95ca00000,0x000000f95cb00000)]
  0x000002a67c34c860 JavaThread "Start Level: Equinox Container: 7db86b87-9d1e-4e28-9460-e0e7f58532f9" daemon [_thread_blocked, id=10624, stack(0x000000f95cb00000,0x000000f95cc00000)]
  0x000002a67b2bb7a0 JavaThread "SCR Component Actor" daemon [_thread_blocked, id=15612, stack(0x000000f95cc00000,0x000000f95cd00000)]
  0x000002a67c494f70 JavaThread "Worker-JM" [_thread_blocked, id=7172, stack(0x000000f95ce00000,0x000000f95cf00000)]
  0x000002a67c622440 JavaThread "Worker-0" [_thread_blocked, id=19276, stack(0x000000f95d200000,0x000000f95d300000)]
  0x000002a67c622910 JavaThread "Worker-1" [_thread_blocked, id=2992, stack(0x000000f95d300000,0x000000f95d400000)]
  0x000002a67c620c30 JavaThread "JNA Cleaner" daemon [_thread_blocked, id=18972, stack(0x000000f95d400000,0x000000f95d500000)]
  0x000002a67c6215d0 JavaThread "pool-2-thread-1" [_thread_blocked, id=20088, stack(0x000000f95d700000,0x000000f95d800000)]
  0x000002a67c61f420 JavaThread "pool-1-thread-1" [_thread_in_native, id=22188, stack(0x000000f95d800000,0x000000f95d900000)]
  0x000002a67c622de0 JavaThread "ForkJoinPool.commonPool-worker-1" daemon [_thread_in_native, id=21268, stack(0x000000f95cd00000,0x000000f95ce00000)]
=>0x000002a6797db930 JavaThread "C2 CompilerThread1" daemon [_thread_in_native, id=19540, stack(0x000000f95cf00000,0x000000f95d000000)]
  0x000002a67c61fdc0 JavaThread "ForkJoinPool.commonPool-worker-2" daemon [_thread_blocked, id=16576, stack(0x000000f95d900000,0x000000f95da00000)]
  0x000002a67c620290 JavaThread "ForkJoinPool.commonPool-worker-3" daemon [_thread_blocked, id=15700, stack(0x000000f95da00000,0x000000f95db00000)]
  0x000002a67c621f70 JavaThread "Worker-2" [_thread_blocked, id=5156, stack(0x000000f95db00000,0x000000f95dc00000)]
  0x000002a67c620760 JavaThread "ForkJoinPool.commonPool-worker-4" daemon [_thread_in_vm, id=18984, stack(0x000000f95dc00000,0x000000f95dd00000)]

Other Threads:
  0x000002a6797623d0 VMThread "VM Thread" [stack: 0x000000f95b500000,0x000000f95b600000] [id=12912]
  0x000002a679a36c80 WatcherThread [stack: 0x000000f95c100000,0x000000f95c200000] [id=2112]
  0x000002a672d93d30 GCTaskThread "GC Thread#0" [stack: 0x000000f95b400000,0x000000f95b500000] [id=16188]
  0x000002a67ae33970 GCTaskThread "GC Thread#1" [stack: 0x000000f95c200000,0x000000f95c300000] [id=2900]
  0x000002a67b38c5e0 GCTaskThread "GC Thread#2" [stack: 0x000000f95c300000,0x000000f95c400000] [id=10572]
  0x000002a67aff4f20 GCTaskThread "GC Thread#3" [stack: 0x000000f95c400000,0x000000f95c500000] [id=2152]
  0x000002a67aff51d0 GCTaskThread "GC Thread#4" [stack: 0x000000f95c500000,0x000000f95c600000] [id=15596]
  0x000002a67aff5480 GCTaskThread "GC Thread#5" [stack: 0x000000f95c600000,0x000000f95c700000] [id=12612]
  0x000002a67aff5730 GCTaskThread "GC Thread#6" [stack: 0x000000f95c700000,0x000000f95c800000] [id=21400]
  0x000002a67b47d680 GCTaskThread "GC Thread#7" [stack: 0x000000f95c800000,0x000000f95c900000] [id=19268]
  0x000002a67c6b30c0 GCTaskThread "GC Thread#8" [stack: 0x000000f95d000000,0x000000f95d100000] [id=11188]
  0x000002a67c6b3370 GCTaskThread "GC Thread#9" [stack: 0x000000f95d100000,0x000000f95d200000] [id=8876]

Threads with active compile tasks:
C2 CompilerThread0    11070 3496   !   4       org.eclipse.osgi.internal.loader.classpath.ClasspathManager::findLocalClass (210 bytes)
C1 CompilerThread0    11070 3553   !   3       org.eclipse.jdt.internal.compiler.parser.Scanner::getNextToken0 (2562 bytes)
C2 CompilerThread1    11070 3531       4       org.eclipse.jdt.internal.core.util.HashtableOfArrayToObject::put (114 bytes)

VM state: not at safepoint (normal execution)

VM Mutex/Monitor currently owned by a thread: None

Heap address: 0x00000000c0000000, size: 1024 MB, Compressed Oops mode: 32-bit

CDS archive(s) not mapped
Compressed class space mapped at: 0x0000000100000000-0x0000000140000000, reserved size: 1073741824
Narrow klass base: 0x0000000000000000, Narrow klass shift: 3, Narrow klass range: 0x140000000

GC Precious Log:
 CPUs: 12 total, 12 available
 Memory: 15591M
 Large Page Support: Disabled
 NUMA Support: Disabled
 Compressed Oops: Enabled (32-bit)
 Alignments: Space 512K, Generation 512K, Heap 2M
 Heap Min Capacity: 100M
 Heap Initial Capacity: 100M
 Heap Max Capacity: 1G
 Pre-touch: Disabled
 Parallel Workers: 10

Heap:
 PSYoungGen      total 24064K, used 14621K [0x00000000eab00000, 0x00000000ec780000, 0x0000000100000000)
  eden space 21504K, 63% used [0x00000000eab00000,0x00000000eb847628,0x00000000ec000000)
  from space 2560K, 40% used [0x00000000ec300000,0x00000000ec400010,0x00000000ec580000)
  to   space 1536K, 0% used [0x00000000ec600000,0x00000000ec600000,0x00000000ec780000)
 ParOldGen       total 68608K, used 15124K [0x00000000c0000000, 0x00000000c4300000, 0x00000000eab00000)
  object space 68608K, 22% used [0x00000000c0000000,0x00000000c0ec5258,0x00000000c4300000)
 Metaspace       used 40697K, committed 41408K, reserved 1089536K
  class space    used 4187K, committed 4544K, reserved 1048576K

Card table byte_map: [0x000002a672760000,0x000002a672970000] _byte_map_base: 0x000002a672160000

Marking Bits: (ParMarkBitMap*) 0x00007ffa748c3e70
 Begin Bits: [0x000002a675a10000, 0x000002a676a10000)
 End Bits:   [0x000002a676a10000, 0x000002a677a10000)

Polling page: 0x000002a672550000

Metaspace:

Usage:
  Non-class:     35.65 MB used.
      Class:      4.09 MB used.
       Both:     39.74 MB used.

Virtual space:
  Non-class space:       40.00 MB reserved,      36.00 MB ( 90%) committed,  5 nodes.
      Class space:        1.00 GB reserved,       4.44 MB ( <1%) committed,  1 nodes.
             Both:        1.04 GB reserved,      40.44 MB (  4%) committed. 

Chunk freelists:
   Non-Class:  3.69 MB
       Class:  3.52 MB
        Both:  7.20 MB

MaxMetaspaceSize: unlimited
CompressedClassSpaceSize: 1.00 GB
Initial GC threshold: 21.00 MB
Current GC threshold: 58.38 MB
CDS: off
MetaspaceReclaimPolicy: balanced
 - commit_granule_bytes: 65536.
 - commit_granule_words: 8192.
 - virtual_space_node_default_size: 1048576.
 - enlarge_chunks_in_place: 1.
 - new_chunks_are_fully_committed: 0.
 - uncommit_free_chunks: 1.
 - use_allocation_guard: 0.
 - handle_deallocations: 1.


Internal statistics:

num_allocs_failed_limit: 8.
num_arena_births: 304.
num_arena_deaths: 16.
num_vsnodes_births: 6.
num_vsnodes_deaths: 0.
num_space_committed: 647.
num_space_uncommitted: 0.
num_chunks_returned_to_freelist: 25.
num_chunks_taken_from_freelist: 1626.
num_chunk_merges: 7.
num_chunk_splits: 1071.
num_chunks_enlarged: 728.
num_purges: 4.
num_inconsistent_stats: 0.

CodeHeap 'non-profiled nmethods': size=120000Kb used=1694Kb max_used=1694Kb free=118305Kb
 bounds [0x000002a607ad0000, 0x000002a607d40000, 0x000002a60f000000]
CodeHeap 'profiled nmethods': size=120000Kb used=7690Kb max_used=7690Kb free=112309Kb
 bounds [0x000002a600000000, 0x000002a600790000, 0x000002a607530000]
CodeHeap 'non-nmethods': size=5760Kb used=1288Kb max_used=1302Kb free=4471Kb
 bounds [0x000002a607530000, 0x000002a6077a0000, 0x000002a607ad0000]
 total_blobs=4161 nmethods=3548 adapters=527
 compilation: enabled
              stopped_count=0, restarted_count=0
 full_count=0

Compilation events (20 events):
Event: 11.014 Thread 0x000002a6797a2bb0 3543   !   3       lombok.launch.ShadowClassLoader::urlToDefineClass (256 bytes)
Event: 11.016 Thread 0x000002a6797a2bb0 nmethod 3543 0x000002a60077c310 code [0x000002a60077c6a0, 0x000002a60077df08]
Event: 11.016 Thread 0x000002a6797a2bb0 3544       3       org.eclipse.jdt.internal.core.JarPackageFragmentRoot::isExternal (11 bytes)
Event: 11.017 Thread 0x000002a6797a2bb0 nmethod 3544 0x000002a60077e990 code [0x000002a60077eba0, 0x000002a60077f4a8]
Event: 11.017 Thread 0x000002a6797a2bb0 3545       1       org.eclipse.core.internal.resources.ProjectInfo::getDescription (5 bytes)
Event: 11.017 Thread 0x000002a6797a2bb0 nmethod 3545 0x000002a607c75d90 code [0x000002a607c75f20, 0x000002a607c75ff8]
Event: 11.017 Thread 0x000002a6797a2bb0 3546       3       org.eclipse.osgi.internal.loader.BundleLoader::findLocalResource (9 bytes)
Event: 11.018 Thread 0x000002a6797a2bb0 nmethod 3546 0x000002a60077f710 code [0x000002a60077f8c0, 0x000002a60077fbd8]
Event: 11.018 Thread 0x000002a6797a2bb0 3548       3       java.util.Arrays::equals (43 bytes)
Event: 11.018 Thread 0x000002a6797a2bb0 nmethod 3548 0x000002a60077fd10 code [0x000002a60077fee0, 0x000002a6007801c8]
Event: 11.018 Thread 0x000002a6797a2bb0 3547       3       org.eclipse.jdt.core.compiler.CharOperation::equals (6 bytes)
Event: 11.018 Thread 0x000002a6797a2bb0 nmethod 3547 0x000002a600780290 code [0x000002a600780420, 0x000002a600780528]
Event: 11.019 Thread 0x000002a6797db930 nmethod 3533 0x000002a607c76090 code [0x000002a607c76240, 0x000002a607c76a18]
Event: 11.019 Thread 0x000002a6797db930 3538       4       java.util.Arrays::fill (21 bytes)
Event: 11.024 Thread 0x000002a6797db930 nmethod 3538 0x000002a607c76f90 code [0x000002a607c77100, 0x000002a607c77258]
Event: 11.024 Thread 0x000002a6797db930 3528       4       org.eclipse.jdt.internal.core.util.HashSetOfArray::hashCode (35 bytes)
Event: 11.026 Thread 0x000002a6797a2bb0 3549       3       org.eclipse.jdt.internal.compiler.impl.CompilerOptions::updateSeverity (158 bytes)
Event: 11.026 Thread 0x000002a6797a2bb0 nmethod 3549 0x000002a600780610 code [0x000002a6007808e0, 0x000002a6007810b8]
Event: 11.033 Thread 0x000002a6797db930 nmethod 3528 0x000002a607c77310 code [0x000002a607c774a0, 0x000002a607c77718]
Event: 11.033 Thread 0x000002a6797db930 3531       4       org.eclipse.jdt.internal.core.util.HashtableOfArrayToObject::put (114 bytes)

GC Heap History (20 events):
Event: 3.127 GC heap before
{Heap before GC invocations=4 (full 0):
 PSYoungGen      total 29696K, used 8113K [0x00000000eab00000, 0x00000000ecc00000, 0x0000000100000000)
  eden space 25600K, 15% used [0x00000000eab00000,0x00000000eaef0800,0x00000000ec400000)
  from space 4096K, 99% used [0x00000000ec400000,0x00000000ec7fbcf8,0x00000000ec800000)
  to   space 4096K, 0% used [0x00000000ec800000,0x00000000ec800000,0x00000000ecc00000)
 ParOldGen       total 68608K, used 2845K [0x00000000c0000000, 0x00000000c4300000, 0x00000000eab00000)
  object space 68608K, 4% used [0x00000000c0000000,0x00000000c02c7600,0x00000000c4300000)
 Metaspace       used 21114K, committed 21504K, reserved 1073152K
  class space    used 2151K, committed 2304K, reserved 1048576K
}
Event: 3.130 GC heap after
{Heap after GC invocations=4 (full 0):
 PSYoungGen      total 29696K, used 4095K [0x00000000eab00000, 0x00000000ecc00000, 0x0000000100000000)
  eden space 25600K, 0% used [0x00000000eab00000,0x00000000eab00000,0x00000000ec400000)
  from space 4096K, 99% used [0x00000000ec800000,0x00000000ecbffd08,0x00000000ecc00000)
  to   space 4096K, 0% used [0x00000000ec400000,0x00000000ec400000,0x00000000ec800000)
 ParOldGen       total 68608K, used 3004K [0x00000000c0000000, 0x00000000c4300000, 0x00000000eab00000)
  object space 68608K, 4% used [0x00000000c0000000,0x00000000c02ef178,0x00000000c4300000)
 Metaspace       used 21114K, committed 21504K, reserved 1073152K
  class space    used 2151K, committed 2304K, reserved 1048576K
}
Event: 3.130 GC heap before
{Heap before GC invocations=5 (full 1):
 PSYoungGen      total 29696K, used 4095K [0x00000000eab00000, 0x00000000ecc00000, 0x0000000100000000)
  eden space 25600K, 0% used [0x00000000eab00000,0x00000000eab00000,0x00000000ec400000)
  from space 4096K, 99% used [0x00000000ec800000,0x00000000ecbffd08,0x00000000ecc00000)
  to   space 4096K, 0% used [0x00000000ec400000,0x00000000ec400000,0x00000000ec800000)
 ParOldGen       total 68608K, used 3004K [0x00000000c0000000, 0x00000000c4300000, 0x00000000eab00000)
  object space 68608K, 4% used [0x00000000c0000000,0x00000000c02ef178,0x00000000c4300000)
 Metaspace       used 21114K, committed 21504K, reserved 1073152K
  class space    used 2151K, committed 2304K, reserved 1048576K
}
Event: 3.155 GC heap after
{Heap after GC invocations=5 (full 1):
 PSYoungGen      total 29696K, used 0K [0x00000000eab00000, 0x00000000ecc00000, 0x0000000100000000)
  eden space 25600K, 0% used [0x00000000eab00000,0x00000000eab00000,0x00000000ec400000)
  from space 4096K, 0% used [0x00000000ec800000,0x00000000ec800000,0x00000000ecc00000)
  to   space 4096K, 0% used [0x00000000ec400000,0x00000000ec400000,0x00000000ec800000)
 ParOldGen       total 68608K, used 6891K [0x00000000c0000000, 0x00000000c4300000, 0x00000000eab00000)
  object space 68608K, 10% used [0x00000000c0000000,0x00000000c06bae98,0x00000000c4300000)
 Metaspace       used 21101K, committed 21504K, reserved 1073152K
  class space    used 2148K, committed 2304K, reserved 1048576K
}
Event: 3.404 GC heap before
{Heap before GC invocations=6 (full 1):
 PSYoungGen      total 29696K, used 25600K [0x00000000eab00000, 0x00000000ecc00000, 0x0000000100000000)
  eden space 25600K, 100% used [0x00000000eab00000,0x00000000ec400000,0x00000000ec400000)
  from space 4096K, 0% used [0x00000000ec800000,0x00000000ec800000,0x00000000ecc00000)
  to   space 4096K, 0% used [0x00000000ec400000,0x00000000ec400000,0x00000000ec800000)
 ParOldGen       total 68608K, used 6891K [0x00000000c0000000, 0x00000000c4300000, 0x00000000eab00000)
  object space 68608K, 10% used [0x00000000c0000000,0x00000000c06bae98,0x00000000c4300000)
 Metaspace       used 24594K, committed 25024K, reserved 1073152K
  class space    used 2402K, committed 2560K, reserved 1048576K
}
Event: 3.406 GC heap after
{Heap after GC invocations=6 (full 1):
 PSYoungGen      total 26112K, used 683K [0x00000000eab00000, 0x00000000ec880000, 0x0000000100000000)
  eden space 25088K, 0% used [0x00000000eab00000,0x00000000eab00000,0x00000000ec380000)
  from space 1024K, 66% used [0x00000000ec400000,0x00000000ec4aae50,0x00000000ec500000)
  to   space 2560K, 0% used [0x00000000ec600000,0x00000000ec600000,0x00000000ec880000)
 ParOldGen       total 68608K, used 6899K [0x00000000c0000000, 0x00000000c4300000, 0x00000000eab00000)
  object space 68608K, 10% used [0x00000000c0000000,0x00000000c06bce98,0x00000000c4300000)
 Metaspace       used 24594K, committed 25024K, reserved 1073152K
  class space    used 2402K, committed 2560K, reserved 1048576K
}
Event: 3.610 GC heap before
{Heap before GC invocations=7 (full 1):
 PSYoungGen      total 26112K, used 25771K [0x00000000eab00000, 0x00000000ec880000, 0x0000000100000000)
  eden space 25088K, 100% used [0x00000000eab00000,0x00000000ec380000,0x00000000ec380000)
  from space 1024K, 66% used [0x00000000ec400000,0x00000000ec4aae50,0x00000000ec500000)
  to   space 2560K, 0% used [0x00000000ec600000,0x00000000ec600000,0x00000000ec880000)
 ParOldGen       total 68608K, used 6899K [0x00000000c0000000, 0x00000000c4300000, 0x00000000eab00000)
  object space 68608K, 10% used [0x00000000c0000000,0x00000000c06bce98,0x00000000c4300000)
 Metaspace       used 27462K, committed 27968K, reserved 1081344K
  class space    used 2639K, committed 2880K, reserved 1048576K
}
Event: 3.611 GC heap after
{Heap after GC invocations=7 (full 1):
 PSYoungGen      total 26112K, used 1362K [0x00000000eab00000, 0x00000000ec780000, 0x0000000100000000)
  eden space 24576K, 0% used [0x00000000eab00000,0x00000000eab00000,0x00000000ec300000)
  from space 1536K, 88% used [0x00000000ec600000,0x00000000ec754b08,0x00000000ec780000)
  to   space 1536K, 0% used [0x00000000ec480000,0x00000000ec480000,0x00000000ec600000)
 ParOldGen       total 68608K, used 6907K [0x00000000c0000000, 0x00000000c4300000, 0x00000000eab00000)
  object space 68608K, 10% used [0x00000000c0000000,0x00000000c06bee98,0x00000000c4300000)
 Metaspace       used 27462K, committed 27968K, reserved 1081344K
  class space    used 2639K, committed 2880K, reserved 1048576K
}
Event: 4.745 GC heap before
{Heap before GC invocations=8 (full 1):
 PSYoungGen      total 26112K, used 25938K [0x00000000eab00000, 0x00000000ec780000, 0x0000000100000000)
  eden space 24576K, 100% used [0x00000000eab00000,0x00000000ec300000,0x00000000ec300000)
  from space 1536K, 88% used [0x00000000ec600000,0x00000000ec754b08,0x00000000ec780000)
  to   space 1536K, 0% used [0x00000000ec480000,0x00000000ec480000,0x00000000ec600000)
 ParOldGen       total 68608K, used 6907K [0x00000000c0000000, 0x00000000c4300000, 0x00000000eab00000)
  object space 68608K, 10% used [0x00000000c0000000,0x00000000c06bee98,0x00000000c4300000)
 Metaspace       used 31902K, committed 32512K, reserved 1081344K
  class space    used 3195K, committed 3456K, reserved 1048576K
}
Event: 4.747 GC heap after
{Heap after GC invocations=8 (full 1):
 PSYoungGen      total 25600K, used 1504K [0x00000000eab00000, 0x00000000ec880000, 0x0000000100000000)
  eden space 24064K, 0% used [0x00000000eab00000,0x00000000eab00000,0x00000000ec280000)
  from space 1536K, 97% used [0x00000000ec480000,0x00000000ec5f80d0,0x00000000ec600000)
  to   space 2560K, 0% used [0x00000000ec600000,0x00000000ec600000,0x00000000ec880000)
 ParOldGen       total 68608K, used 7863K [0x00000000c0000000, 0x00000000c4300000, 0x00000000eab00000)
  object space 68608K, 11% used [0x00000000c0000000,0x00000000c07add90,0x00000000c4300000)
 Metaspace       used 31902K, committed 32512K, reserved 1081344K
  class space    used 3195K, committed 3456K, reserved 1048576K
}
Event: 5.149 GC heap before
{Heap before GC invocations=9 (full 1):
 PSYoungGen      total 25600K, used 25568K [0x00000000eab00000, 0x00000000ec880000, 0x0000000100000000)
  eden space 24064K, 100% used [0x00000000eab00000,0x00000000ec280000,0x00000000ec280000)
  from space 1536K, 97% used [0x00000000ec480000,0x00000000ec5f80d0,0x00000000ec600000)
  to   space 2560K, 0% used [0x00000000ec600000,0x00000000ec600000,0x00000000ec880000)
 ParOldGen       total 68608K, used 7863K [0x00000000c0000000, 0x00000000c4300000, 0x00000000eab00000)
  object space 68608K, 11% used [0x00000000c0000000,0x00000000c07add90,0x00000000c4300000)
 Metaspace       used 34416K, committed 35072K, reserved 1081344K
  class space    used 3491K, committed 3776K, reserved 1048576K
}
Event: 5.152 GC heap after
{Heap after GC invocations=9 (full 1):
 PSYoungGen      total 24064K, used 2545K [0x00000000eab00000, 0x00000000ece00000, 0x0000000100000000)
  eden space 21504K, 0% used [0x00000000eab00000,0x00000000eab00000,0x00000000ec000000)
  from space 2560K, 99% used [0x00000000ec600000,0x00000000ec87c658,0x00000000ec880000)
  to   space 6144K, 0% used [0x00000000ec000000,0x00000000ec000000,0x00000000ec600000)
 ParOldGen       total 68608K, used 10658K [0x00000000c0000000, 0x00000000c4300000, 0x00000000eab00000)
  object space 68608K, 15% used [0x00000000c0000000,0x00000000c0a688a8,0x00000000c4300000)
 Metaspace       used 34416K, committed 35072K, reserved 1081344K
  class space    used 3491K, committed 3776K, reserved 1048576K
}
Event: 9.960 GC heap before
{Heap before GC invocations=10 (full 1):
 PSYoungGen      total 24064K, used 23894K [0x00000000eab00000, 0x00000000ece00000, 0x0000000100000000)
  eden space 21504K, 99% used [0x00000000eab00000,0x00000000ebfd9438,0x00000000ec000000)
  from space 2560K, 99% used [0x00000000ec600000,0x00000000ec87c658,0x00000000ec880000)
  to   space 6144K, 0% used [0x00000000ec000000,0x00000000ec000000,0x00000000ec600000)
 ParOldGen       total 68608K, used 10658K [0x00000000c0000000, 0x00000000c4300000, 0x00000000eab00000)
  object space 68608K, 15% used [0x00000000c0000000,0x00000000c0a688a8,0x00000000c4300000)
 Metaspace       used 35221K, committed 35840K, reserved 1081344K
  class space    used 3573K, committed 3904K, reserved 1048576K
}
Event: 9.964 GC heap after
{Heap after GC invocations=10 (full 1):
 PSYoungGen      total 27648K, used 4454K [0x00000000eab00000, 0x00000000ecc00000, 0x0000000100000000)
  eden space 21504K, 0% used [0x00000000eab00000,0x00000000eab00000,0x00000000ec000000)
  from space 6144K, 72% used [0x00000000ec000000,0x00000000ec459a70,0x00000000ec600000)
  to   space 5120K, 0% used [0x00000000ec700000,0x00000000ec700000,0x00000000ecc00000)
 ParOldGen       total 68608K, used 10814K [0x00000000c0000000, 0x00000000c4300000, 0x00000000eab00000)
  object space 68608K, 15% used [0x00000000c0000000,0x00000000c0a8fac8,0x00000000c4300000)
 Metaspace       used 35221K, committed 35840K, reserved 1081344K
  class space    used 3573K, committed 3904K, reserved 1048576K
}
Event: 9.964 GC heap before
{Heap before GC invocations=11 (full 2):
 PSYoungGen      total 27648K, used 4454K [0x00000000eab00000, 0x00000000ecc00000, 0x0000000100000000)
  eden space 21504K, 0% used [0x00000000eab00000,0x00000000eab00000,0x00000000ec000000)
  from space 6144K, 72% used [0x00000000ec000000,0x00000000ec459a70,0x00000000ec600000)
  to   space 5120K, 0% used [0x00000000ec700000,0x00000000ec700000,0x00000000ecc00000)
 ParOldGen       total 68608K, used 10814K [0x00000000c0000000, 0x00000000c4300000, 0x00000000eab00000)
  object space 68608K, 15% used [0x00000000c0000000,0x00000000c0a8fac8,0x00000000c4300000)
 Metaspace       used 35221K, committed 35840K, reserved 1081344K
  class space    used 3573K, committed 3904K, reserved 1048576K
}
Event: 10.008 GC heap after
{Heap after GC invocations=11 (full 2):
 PSYoungGen      total 27648K, used 0K [0x00000000eab00000, 0x00000000ecc00000, 0x0000000100000000)
  eden space 21504K, 0% used [0x00000000eab00000,0x00000000eab00000,0x00000000ec000000)
  from space 6144K, 0% used [0x00000000ec000000,0x00000000ec000000,0x00000000ec600000)
  to   space 5120K, 0% used [0x00000000ec700000,0x00000000ec700000,0x00000000ecc00000)
 ParOldGen       total 68608K, used 14527K [0x00000000c0000000, 0x00000000c4300000, 0x00000000eab00000)
  object space 68608K, 21% used [0x00000000c0000000,0x00000000c0e2fcb0,0x00000000c4300000)
 Metaspace       used 35220K, committed 35840K, reserved 1081344K
  class space    used 3573K, committed 3904K, reserved 1048576K
}
Event: 10.439 GC heap before
{Heap before GC invocations=12 (full 2):
 PSYoungGen      total 27648K, used 21504K [0x00000000eab00000, 0x00000000ecc00000, 0x0000000100000000)
  eden space 21504K, 100% used [0x00000000eab00000,0x00000000ec000000,0x00000000ec000000)
  from space 6144K, 0% used [0x00000000ec000000,0x00000000ec000000,0x00000000ec600000)
  to   space 5120K, 0% used [0x00000000ec700000,0x00000000ec700000,0x00000000ecc00000)
 ParOldGen       total 68608K, used 14527K [0x00000000c0000000, 0x00000000c4300000, 0x00000000eab00000)
  object space 68608K, 21% used [0x00000000c0000000,0x00000000c0e2fcb0,0x00000000c4300000)
 Metaspace       used 37245K, committed 37888K, reserved 1089536K
  class space    used 3848K, committed 4160K, reserved 1048576K
}
Event: 10.440 GC heap after
{Heap after GC invocations=12 (full 2):
 PSYoungGen      total 22528K, used 822K [0x00000000eab00000, 0x00000000ec800000, 0x0000000100000000)
  eden space 21504K, 0% used [0x00000000eab00000,0x00000000eab00000,0x00000000ec000000)
  from space 1024K, 80% used [0x00000000ec700000,0x00000000ec7cda78,0x00000000ec800000)
  to   space 2560K, 0% used [0x00000000ec300000,0x00000000ec300000,0x00000000ec580000)
 ParOldGen       total 68608K, used 14535K [0x00000000c0000000, 0x00000000c4300000, 0x00000000eab00000)
  object space 68608K, 21% used [0x00000000c0000000,0x00000000c0e31cb0,0x00000000c4300000)
 Metaspace       used 37245K, committed 37888K, reserved 1089536K
  class space    used 3848K, committed 4160K, reserved 1048576K
}
Event: 10.913 GC heap before
{Heap before GC invocations=13 (full 2):
 PSYoungGen      total 22528K, used 22301K [0x00000000eab00000, 0x00000000ec800000, 0x0000000100000000)
  eden space 21504K, 99% used [0x00000000eab00000,0x00000000ebff9a00,0x00000000ec000000)
  from space 1024K, 80% used [0x00000000ec700000,0x00000000ec7cda78,0x00000000ec800000)
  to   space 2560K, 0% used [0x00000000ec300000,0x00000000ec300000,0x00000000ec580000)
 ParOldGen       total 68608K, used 14535K [0x00000000c0000000, 0x00000000c4300000, 0x00000000eab00000)
  object space 68608K, 21% used [0x00000000c0000000,0x00000000c0e31cb0,0x00000000c4300000)
 Metaspace       used 39230K, committed 39872K, reserved 1089536K
  class space    used 4017K, committed 4288K, reserved 1048576K
}
Event: 10.915 GC heap after
{Heap after GC invocations=13 (full 2):
 PSYoungGen      total 24064K, used 1024K [0x00000000eab00000, 0x00000000ec780000, 0x0000000100000000)
  eden space 21504K, 0% used [0x00000000eab00000,0x00000000eab00000,0x00000000ec000000)
  from space 2560K, 40% used [0x00000000ec300000,0x00000000ec400010,0x00000000ec580000)
  to   space 1536K, 0% used [0x00000000ec600000,0x00000000ec600000,0x00000000ec780000)
 ParOldGen       total 68608K, used 15124K [0x00000000c0000000, 0x00000000c4300000, 0x00000000eab00000)
  object space 68608K, 22% used [0x00000000c0000000,0x00000000c0ec5258,0x00000000c4300000)
 Metaspace       used 39230K, committed 39872K, reserved 1089536K
  class space    used 4017K, committed 4288K, reserved 1048576K
}

Dll operation events (10 events):
Event: 0.014 Loaded shared library c:\Users\Derek Hansen\.vscode\extensions\redhat.java-1.16.0-win32-x64\jre\17.0.6-win32-x86_64\bin\java.dll
Event: 0.288 Loaded shared library c:\Users\Derek Hansen\.vscode\extensions\redhat.java-1.16.0-win32-x64\jre\17.0.6-win32-x86_64\bin\zip.dll
Event: 0.295 Loaded shared library C:\Users\Derek Hansen\.vscode\extensions\redhat.java-1.16.0-win32-x64\jre\17.0.6-win32-x86_64\bin\instrument.dll
Event: 0.322 Loaded shared library C:\Users\Derek Hansen\.vscode\extensions\redhat.java-1.16.0-win32-x64\jre\17.0.6-win32-x86_64\bin\net.dll
Event: 0.325 Loaded shared library C:\Users\Derek Hansen\.vscode\extensions\redhat.java-1.16.0-win32-x64\jre\17.0.6-win32-x86_64\bin\nio.dll
Event: 0.339 Loaded shared library C:\Users\Derek Hansen\.vscode\extensions\redhat.java-1.16.0-win32-x64\jre\17.0.6-win32-x86_64\bin\zip.dll
Event: 0.366 Loaded shared library C:\Users\Derek Hansen\.vscode\extensions\redhat.java-1.16.0-win32-x64\jre\17.0.6-win32-x86_64\bin\jimage.dll
Event: 0.460 Loaded shared library c:\Users\Derek Hansen\.vscode\extensions\redhat.java-1.16.0-win32-x64\jre\17.0.6-win32-x86_64\bin\verify.dll
Event: 2.035 Loaded shared library C:\Users\Derek Hansen\AppData\Roaming\Code\User\globalStorage\redhat.java\1.16.0\config_ss_win\org.eclipse.equinox.launcher\org.eclipse.equinox.launcher.win32.win32.x86_64_1.2.700.v20221108-1024\eclipse_11801.dll
Event: 4.476 Loaded shared library C:\Users\Derek Hansen\AppData\Local\Temp\jna-1226595325\jna1433789968033899700.dll

Deoptimization events (20 events):
Event: 10.781 Thread 0x000002a67c61f420 Uncommon trap: trap_request=0xffffff45 fr.pc=0x000002a607bd965c relative=0x0000000000000cdc
Event: 10.781 Thread 0x000002a67c61f420 Uncommon trap: reason=unstable_if action=reinterpret pc=0x000002a607bd965c method=java.util.TreeMap.put(Ljava/lang/Object;Ljava/lang/Object;Z)Ljava/lang/Object; @ 27 c2
Event: 10.781 Thread 0x000002a67c61f420 DEOPT PACKING pc=0x000002a607bd965c sp=0x000000f95d8fc850
Event: 10.781 Thread 0x000002a67c61f420 DEOPT UNPACKING pc=0x000002a6075866a3 sp=0x000000f95d8fc810 mode 2
Event: 10.843 Thread 0x000002a67c61f420 DEOPT PACKING pc=0x000002a6001e3193 sp=0x000000f95d8f7d30
Event: 10.843 Thread 0x000002a67c61f420 DEOPT UNPACKING pc=0x000002a607586e43 sp=0x000000f95d8f7268 mode 0
Event: 10.896 Thread 0x000002a67c61f420 Uncommon trap: trap_request=0xffffff45 fr.pc=0x000002a607c3cc68 relative=0x00000000000006e8
Event: 10.896 Thread 0x000002a67c622de0 Uncommon trap: trap_request=0xffffff45 fr.pc=0x000002a607c3cc68 relative=0x00000000000006e8
Event: 10.896 Thread 0x000002a67c61f420 Uncommon trap: reason=unstable_if action=reinterpret pc=0x000002a607c3cc68 method=java.util.HashMap.putVal(ILjava/lang/Object;Ljava/lang/Object;ZZ)Ljava/lang/Object; @ 94 c2
Event: 10.896 Thread 0x000002a67c622de0 Uncommon trap: reason=unstable_if action=reinterpret pc=0x000002a607c3cc68 method=java.util.HashMap.putVal(ILjava/lang/Object;Ljava/lang/Object;ZZ)Ljava/lang/Object; @ 94 c2
Event: 10.896 Thread 0x000002a67c61f420 DEOPT PACKING pc=0x000002a607c3cc68 sp=0x000000f95d8fd5a0
Event: 10.896 Thread 0x000002a67c622de0 DEOPT PACKING pc=0x000002a607c3cc68 sp=0x000000f95cdfe200
Event: 10.896 Thread 0x000002a67c61f420 DEOPT UNPACKING pc=0x000002a6075866a3 sp=0x000000f95d8fd518 mode 2
Event: 10.896 Thread 0x000002a67c622de0 DEOPT UNPACKING pc=0x000002a6075866a3 sp=0x000000f95cdfe178 mode 2
Event: 10.976 Thread 0x000002a67c620760 Uncommon trap: trap_request=0xffffff45 fr.pc=0x000002a607c1c1b4 relative=0x00000000000005f4
Event: 10.976 Thread 0x000002a67c620760 Uncommon trap: reason=unstable_if action=reinterpret pc=0x000002a607c1c1b4 method=org.eclipse.jdt.internal.core.util.HashtableOfArrayToObject.get([Ljava/lang/Object;)Ljava/lang/Object; @ 64 c2
Event: 10.976 Thread 0x000002a67c620760 DEOPT PACKING pc=0x000002a607c1c1b4 sp=0x000000f95dcfe420
Event: 10.976 Thread 0x000002a67c620760 DEOPT UNPACKING pc=0x000002a6075866a3 sp=0x000000f95dcfe3d0 mode 2
Event: 10.999 Thread 0x000002a67c620760 DEOPT PACKING pc=0x000002a60047db3d sp=0x000000f95dcfd7f0
Event: 10.999 Thread 0x000002a67c620760 DEOPT UNPACKING pc=0x000002a607586e43 sp=0x000000f95dcfcc78 mode 0

Classes unloaded (8 events):
Event: 3.133 Thread 0x000002a6797623d0 Unloading class 0x0000000100212400 'java/lang/invoke/LambdaForm$MH+0x0000000100212400'
Event: 3.133 Thread 0x000002a6797623d0 Unloading class 0x0000000100212000 'java/lang/invoke/LambdaForm$MH+0x0000000100212000'
Event: 3.134 Thread 0x000002a6797623d0 Unloading class 0x0000000100211c00 'java/lang/invoke/LambdaForm$MH+0x0000000100211c00'
Event: 3.134 Thread 0x000002a6797623d0 Unloading class 0x0000000100211800 'java/lang/invoke/LambdaForm$MH+0x0000000100211800'
Event: 3.134 Thread 0x000002a6797623d0 Unloading class 0x0000000100211000 'java/lang/invoke/LambdaForm$BMH+0x0000000100211000'
Event: 3.134 Thread 0x000002a6797623d0 Unloading class 0x0000000100210c00 'java/lang/invoke/LambdaForm$DMH+0x0000000100210c00'
Event: 3.134 Thread 0x000002a6797623d0 Unloading class 0x000000010020e000 'java/lang/invoke/LambdaForm$DMH+0x000000010020e000'
Event: 9.972 Thread 0x000002a6797623d0 Unloading class 0x00000001003be000 'java/lang/invoke/LambdaForm$DMH+0x00000001003be000'

Classes redefined (0 events):
No events

Internal exceptions (20 events):
Event: 5.030 Thread 0x000002a67c622910 Exception <a 'java/io/FileNotFoundException'{0x00000000eb76cb18}> (0x00000000eb76cb18) 
thrown [s\src\hotspot\share\prims\jni.cpp, line 516]
Event: 5.030 Thread 0x000002a67c622910 Exception <a 'java/io/FileNotFoundException'{0x00000000eb76e418}> (0x00000000eb76e418) 
thrown [s\src\hotspot\share\prims\jni.cpp, line 516]
Event: 5.032 Thread 0x000002a67c622910 Exception <a 'java/lang/NoSuchMethodError'{0x00000000eb77aab8}: 'void java.lang.invoke.DirectMethodHandle$Holder.invokeStaticInit(java.lang.Object, java.lang.Object, java.lang.Object)'> (0x00000000eb77aab8) 
thrown [s\src\hotspot\share\interpreter\linkResolver.cpp, line 759]
Event: 9.937 Thread 0x000002a67c622de0 Exception <a 'java/lang/NoSuchMethodError'{0x00000000ebef1fa8}: 'java.lang.Object java.lang.invoke.DirectMethodHandle$Holder.invokeInterface(java.lang.Object, java.lang.Object, java.lang.Object)'> (0x00000000ebef1fa8) 
thrown [s\src\hotspot\share\interpreter\linkResolver.cpp, line 759]
Event: 9.937 Thread 0x000002a67c61f420 Exception <a 'java/lang/NoSuchMethodError'{0x00000000ebef8370}: 'java.lang.Object java.lang.invoke.DirectMethodHandle$Holder.invokeInterface(java.lang.Object, java.lang.Object, java.lang.Object)'> (0x00000000ebef8370) 
thrown [s\src\hotspot\share\interpreter\linkResolver.cpp, line 759]
Event: 10.208 Thread 0x000002a67c622440 Exception <a 'java/lang/NoSuchMethodError'{0x00000000eb68c238}: 'int java.lang.invoke.DirectMethodHandle$Holder.invokeVirtual(java.lang.Object, java.lang.Object)'> (0x00000000eb68c238) 
thrown [s\src\hotspot\share\interpreter\linkResolver.cpp, line 759]
Event: 10.260 Thread 0x000002a67c61f420 Exception <a 'java/lang/LinkageError'{0x00000000eb845fe0}: loader lombok.launch.ShadowClassLoader @3eec9487 attempted duplicate class definition for lombok.launch.PatchFixesHider$ValPortal. (lombok.launch.PatchFixesHider$ValPortal is in unnamed module of loader lombok.launch.ShadowClassLoader @3eec9487, parent loader org.eclipse.osgi.internal.loader.EquinoxClassLoader @48ba4f40)> (0x00000000eb845fe0) 
thrown [s\src\hotspot\share\classfile\systemDictionary.cpp, line 1722]
Event: 10.297 Thread 0x000002a67c622de0 Exception <a 'java/lang/NoClassDefFoundError'{0x00000000eb9d49c0}: org/eclipse/jdt/core/dom/Name> (0x00000000eb9d49c0) 
thrown [s\src\hotspot\share\classfile\systemDictionary.cpp, line 245]
Event: 10.297 Thread 0x000002a67c622de0 Exception <a 'java/lang/NullPointerException'{0x00000000eb9d4f50}> (0x00000000eb9d4f50) 
thrown [s\src\hotspot\share\interpreter\linkResolver.cpp, line 1350]
Event: 10.297 Thread 0x000002a67c61f420 Exception <a 'java/lang/NullPointerException'{0x00000000eb846588}> (0x00000000eb846588) 
thrown [s\src\hotspot\share\interpreter\linkResolver.cpp, line 1350]
Event: 10.310 Thread 0x000002a67c622de0 Exception <a 'java/lang/LinkageError'{0x00000000eba47558}: loader lombok.launch.ShadowClassLoader @3eec9487 attempted duplicate class definition for lombok.launch.PatchFixesHider$Transform. (lombok.launch.PatchFixesHider$Transform is in unnamed module of loader lombok.launch.ShadowClassLoader @3eec9487, parent loader org.eclipse.osgi.internal.loader.EquinoxClassLoader @48ba4f40)> (0x00000000eba47558) 
thrown [s\src\hotspot\share\classfile\systemDictionary.cpp, line 1722]
Event: 10.781 Thread 0x000002a67c61f420 Implicit null exception at 0x000002a607bdd9c3 to 0x000002a607bde5e8
Event: 10.781 Thread 0x000002a67c61f420 Implicit null exception at 0x000002a607bd89c7 to 0x000002a607bd963c
Event: 10.813 Thread 0x000002a67c61f420 Exception <a 'java/lang/NoClassDefFoundError'{0x00000000eba1d2a0}: org/eclipse/core/runtime/IPath> (0x00000000eba1d2a0) 
thrown [s\src\hotspot\share\classfile\systemDictionary.cpp, line 245]
Event: 10.815 Thread 0x000002a67c622de0 Exception <a 'java/lang/NoClassDefFoundError'{0x00000000eb9a4ba0}: org/eclipse/core/runtime/IPath> (0x00000000eb9a4ba0) 
thrown [s\src\hotspot\share\classfile\systemDictionary.cpp, line 245]
Event: 10.881 Thread 0x000002a67c622de0 Exception <a 'java/lang/NullPointerException'{0x00000000ebd82a70}> (0x00000000ebd82a70) 
thrown [s\src\hotspot\share\interpreter\linkResolver.cpp, line 1350]
Event: 10.881 Thread 0x000002a67c61f420 Exception <a 'java/lang/NullPointerException'{0x00000000ebdaf6a0}> (0x00000000ebdaf6a0) 
thrown [s\src\hotspot\share\interpreter\linkResolver.cpp, line 1350]
Event: 10.948 Thread 0x000002a67c622440 Exception <a 'java/io/FileNotFoundException'{0x00000000ead2e4e8}> (0x00000000ead2e4e8) 
thrown [s\src\hotspot\share\prims\jni.cpp, line 516]
Event: 10.953 Thread 0x000002a67c622440 Exception <a 'java/io/FileNotFoundException'{0x00000000eadf7fd0}> (0x00000000eadf7fd0) 
thrown [s\src\hotspot\share\prims\jni.cpp, line 516]
Event: 10.953 Thread 0x000002a67c622440 Exception <a 'java/io/FileNotFoundException'{0x00000000eadf95a8}> (0x00000000eadf95a8) 
thrown [s\src\hotspot\share\prims\jni.cpp, line 516]

VM Operations (20 events):
Event: 9.950 Executing VM operation: HandshakeAllThreads
Event: 9.950 Executing VM operation: HandshakeAllThreads done
Event: 9.950 Executing VM operation: Cleanup
Event: 9.950 Executing VM operation: Cleanup done
Event: 9.960 Executing VM operation: CollectForMetadataAllocation
Event: 10.008 Executing VM operation: CollectForMetadataAllocation done
Event: 10.203 Executing VM operation: HandshakeAllThreads
Event: 10.203 Executing VM operation: HandshakeAllThreads done
Event: 10.203 Executing VM operation: HandshakeAllThreads
Event: 10.203 Executing VM operation: HandshakeAllThreads done
Event: 10.438 Executing VM operation: ParallelGCFailedAllocation
Event: 10.440 Executing VM operation: ParallelGCFailedAllocation done
Event: 10.903 Executing VM operation: HandshakeAllThreads
Event: 10.903 Executing VM operation: HandshakeAllThreads done
Event: 10.913 Executing VM operation: ParallelGCFailedAllocation
Event: 10.915 Executing VM operation: ParallelGCFailedAllocation done
Event: 10.986 Executing VM operation: HandshakeAllThreads
Event: 10.986 Executing VM operation: HandshakeAllThreads done
Event: 10.996 Executing VM operation: HandshakeAllThreads
Event: 10.996 Executing VM operation: HandshakeAllThreads done

Events (20 events):
Event: 10.909 loading class java/util/Hashtable$ValueCollection
Event: 10.909 loading class java/util/Hashtable$ValueCollection done
Event: 10.912 loading class java/util/WeakHashMap$KeyIterator
Event: 10.912 loading class java/util/WeakHashMap$KeyIterator done
Event: 10.929 Thread 0x000002a67c61fdc0 Thread added: 0x000002a67c61fdc0
Event: 10.932 Thread 0x000002a67c620290 Thread added: 0x000002a67c620290
Event: 10.936 loading class java/util/regex/PatternSyntaxException
Event: 10.936 loading class java/util/regex/PatternSyntaxException done
Event: 10.950 Thread 0x000002a67c621f70 Thread added: 0x000002a67c621f70
Event: 10.962 Thread 0x000002a67c620760 Thread added: 0x000002a67c620760
Event: 10.982 loading class java/util/stream/MatchOps$MatchKind
Event: 10.982 loading class java/util/stream/MatchOps$MatchKind done
Event: 10.982 loading class java/util/stream/MatchOps
Event: 10.982 loading class java/util/stream/MatchOps done
Event: 10.982 loading class java/util/stream/MatchOps$MatchOp
Event: 10.982 loading class java/util/stream/MatchOps$MatchOp done
Event: 10.982 loading class java/util/stream/MatchOps$BooleanTerminalSink
Event: 10.983 loading class java/util/stream/MatchOps$BooleanTerminalSink done
Event: 10.983 loading class java/util/stream/MatchOps$1MatchSink
Event: 10.983 loading class java/util/stream/MatchOps$1MatchSink done


Dynamic libraries:
0x00007ff63b6d0000 - 0x00007ff63b6de000 	c:\Users\Derek Hansen\.vscode\extensions\redhat.java-1.16.0-win32-x64\jre\17.0.6-win32-x86_64\bin\java.exe
0x00007ffae2d50000 - 0x00007ffae2f48000 	C:\Windows\SYSTEM32\ntdll.dll
0x00007ffae23b0000 - 0x00007ffae246f000 	C:\Windows\System32\KERNEL32.DLL
0x00007ffae08a0000 - 0x00007ffae0b72000 	C:\Windows\System32\KERNELBASE.dll
0x00007ffae0b80000 - 0x00007ffae0c80000 	C:\Windows\System32\ucrtbase.dll
0x00007ffac2580000 - 0x00007ffac2599000 	c:\Users\Derek Hansen\.vscode\extensions\redhat.java-1.16.0-win32-x64\jre\17.0.6-win32-x86_64\bin\VCRUNTIME140.dll
0x00007ffac3ed0000 - 0x00007ffac3ee7000 	c:\Users\Derek Hansen\.vscode\extensions\redhat.java-1.16.0-win32-x64\jre\17.0.6-win32-x86_64\bin\jli.dll
0x00007ffae1aa0000 - 0x00007ffae1c41000 	C:\Windows\System32\USER32.dll
0x00007ffae0550000 - 0x00007ffae0572000 	C:\Windows\System32\win32u.dll
0x00007ffae1a70000 - 0x00007ffae1a9b000 	C:\Windows\System32\GDI32.dll
0x00007ffae0790000 - 0x00007ffae089f000 	C:\Windows\System32\gdi32full.dll
0x00007ffae0cb0000 - 0x00007ffae0d4d000 	C:\Windows\System32\msvcp_win.dll
0x00007ffac2260000 - 0x00007ffac24fa000 	C:\Windows\WinSxS\amd64_microsoft.windows.common-controls_6595b64144ccf1df_6.0.19041.1110_none_60b5254171f9507e\COMCTL32.dll
0x00007ffae1180000 - 0x00007ffae121e000 	C:\Windows\System32\msvcrt.dll
0x00007ffae0e00000 - 0x00007ffae0e30000 	C:\Windows\System32\IMM32.DLL
0x00007ffade200000 - 0x00007ffade20c000 	c:\Users\Derek Hansen\.vscode\extensions\redhat.java-1.16.0-win32-x64\jre\17.0.6-win32-x86_64\bin\vcruntime140_1.dll
0x00007ffab7cb0000 - 0x00007ffab7d41000 	c:\Users\Derek Hansen\.vscode\extensions\redhat.java-1.16.0-win32-x64\jre\17.0.6-win32-x86_64\bin\msvcp140.dll
0x00007ffa73d40000 - 0x00007ffa74987000 	c:\Users\Derek Hansen\.vscode\extensions\redhat.java-1.16.0-win32-x64\jre\17.0.6-win32-x86_64\bin\server\jvm.dll
0x00007ffae12a0000 - 0x00007ffae134e000 	C:\Windows\System32\ADVAPI32.dll
0x00007ffae2a60000 - 0x00007ffae2afc000 	C:\Windows\System32\sechost.dll
0x00007ffae1350000 - 0x00007ffae1474000 	C:\Windows\System32\RPCRT4.dll
0x00007ffad9160000 - 0x00007ffad916a000 	C:\Windows\SYSTEM32\VERSION.dll
0x00007ffad5870000 - 0x00007ffad5897000 	C:\Windows\SYSTEM32\WINMM.dll
0x00007ffada7b0000 - 0x00007ffada7b9000 	C:\Windows\SYSTEM32\WSOCK32.dll
0x00007ffae2470000 - 0x00007ffae24db000 	C:\Windows\System32\WS2_32.dll
0x00007ffadec90000 - 0x00007ffadeca2000 	C:\Windows\SYSTEM32\kernel.appcore.dll
0x00007ffadb8f0000 - 0x00007ffadb8fa000 	c:\Users\Derek Hansen\.vscode\extensions\redhat.java-1.16.0-win32-x64\jre\17.0.6-win32-x86_64\bin\jimage.dll
0x00007ffaddf60000 - 0x00007ffade144000 	C:\Windows\SYSTEM32\DBGHELP.DLL
0x00007ffac2000000 - 0x00007ffac2035000 	C:\Windows\SYSTEM32\dbgcore.DLL
0x00007ffae04c0000 - 0x00007ffae0542000 	C:\Windows\System32\bcryptPrimitives.dll
0x00007ffad6470000 - 0x00007ffad647e000 	c:\Users\Derek Hansen\.vscode\extensions\redhat.java-1.16.0-win32-x64\jre\17.0.6-win32-x86_64\bin\instrument.dll
0x00007ffabb050000 - 0x00007ffabb075000 	c:\Users\Derek Hansen\.vscode\extensions\redhat.java-1.16.0-win32-x64\jre\17.0.6-win32-x86_64\bin\java.dll
0x00007ffabfbd0000 - 0x00007ffabfbe8000 	c:\Users\Derek Hansen\.vscode\extensions\redhat.java-1.16.0-win32-x64\jre\17.0.6-win32-x86_64\bin\zip.dll
0x00007ffae1c60000 - 0x00007ffae23a5000 	C:\Windows\System32\SHELL32.dll
0x00007ffade4f0000 - 0x00007ffadec82000 	C:\Windows\SYSTEM32\windows.storage.dll
0x00007ffae1480000 - 0x00007ffae17d5000 	C:\Windows\System32\combase.dll
0x00007ffadfeb0000 - 0x00007ffadfee0000 	C:\Windows\SYSTEM32\Wldp.dll
0x00007ffae24e0000 - 0x00007ffae258d000 	C:\Windows\System32\SHCORE.dll
0x00007ffae0da0000 - 0x00007ffae0df5000 	C:\Windows\System32\shlwapi.dll
0x00007ffae0390000 - 0x00007ffae03af000 	C:\Windows\SYSTEM32\profapi.dll
0x00007ffaba7a0000 - 0x00007ffaba7b9000 	C:\Users\Derek Hansen\.vscode\extensions\redhat.java-1.16.0-win32-x64\jre\17.0.6-win32-x86_64\bin\net.dll
0x00007ffada940000 - 0x00007ffadaa4a000 	C:\Windows\SYSTEM32\WINHTTP.dll
0x00007ffadfba0000 - 0x00007ffadfc0a000 	C:\Windows\system32\mswsock.dll
0x00007ffab8d20000 - 0x00007ffab8d35000 	C:\Users\Derek Hansen\.vscode\extensions\redhat.java-1.16.0-win32-x64\jre\17.0.6-win32-x86_64\bin\nio.dll
0x00007ffad40f0000 - 0x00007ffad4100000 	c:\Users\Derek Hansen\.vscode\extensions\redhat.java-1.16.0-win32-x64\jre\17.0.6-win32-x86_64\bin\verify.dll
0x00007ffab83f0000 - 0x00007ffab842e000 	C:\Users\Derek Hansen\AppData\Roaming\Code\User\globalStorage\redhat.java\1.16.0\config_ss_win\org.eclipse.equinox.launcher\org.eclipse.equinox.launcher.win32.win32.x86_64_1.2.700.v20221108-1024\eclipse_11801.dll
0x00007ffae0e30000 - 0x00007ffae0f5a000 	C:\Windows\System32\ole32.dll
0x00007ffadfda0000 - 0x00007ffadfdb8000 	C:\Windows\SYSTEM32\CRYPTSP.dll
0x00007ffadf450000 - 0x00007ffadf484000 	C:\Windows\system32\rsaenh.dll
0x00007ffae0c80000 - 0x00007ffae0ca7000 	C:\Windows\System32\bcrypt.dll
0x00007ffae0310000 - 0x00007ffae033e000 	C:\Windows\SYSTEM32\USERENV.dll
0x00007ffadfd90000 - 0x00007ffadfd9c000 	C:\Windows\SYSTEM32\CRYPTBASE.dll
0x00007ffadf890000 - 0x00007ffadf8cb000 	C:\Windows\SYSTEM32\IPHLPAPI.DLL
0x00007ffae1c50000 - 0x00007ffae1c58000 	C:\Windows\System32\NSI.dll
0x00007ffad3590000 - 0x00007ffad35a7000 	C:\Windows\SYSTEM32\dhcpcsvc6.DLL
0x00007ffad5580000 - 0x00007ffad559d000 	C:\Windows\SYSTEM32\dhcpcsvc.DLL
0x00007ffadf920000 - 0x00007ffadf9eb000 	C:\Windows\SYSTEM32\DNSAPI.dll
0x00007ffab7b10000 - 0x00007ffab7b55000 	C:\Users\Derek Hansen\AppData\Local\Temp\jna-1226595325\jna1433789968033899700.dll
0x00007ffae1090000 - 0x00007ffae1098000 	C:\Windows\System32\PSAPI.DLL

dbghelp: loaded successfully - version: 4.0.5 - missing functions: none
symbol engine: initialized successfully - sym options: 0x614 - pdb path: .;c:\Users\Derek Hansen\.vscode\extensions\redhat.java-1.16.0-win32-x64\jre\17.0.6-win32-x86_64\bin;C:\Windows\SYSTEM32;C:\Windows\WinSxS\amd64_microsoft.windows.common-controls_6595b64144ccf1df_6.0.19041.1110_none_60b5254171f9507e;c:\Users\Derek Hansen\.vscode\extensions\redhat.java-1.16.0-win32-x64\jre\17.0.6-win32-x86_64\bin\server;C:\Users\Derek Hansen\AppData\Roaming\Code\User\globalStorage\redhat.java\1.16.0\config_ss_win\org.eclipse.equinox.launcher\org.eclipse.equinox.launcher.win32.win32.x86_64_1.2.700.v20221108-1024;C:\Users\Derek Hansen\AppData\Local\Temp\jna-1226595325

VM Arguments:
jvm_args: --add-modules=ALL-SYSTEM --add-opens=java.base/java.util=ALL-UNNAMED --add-opens=java.base/java.lang=ALL-UNNAMED --add-opens=java.base/sun.nio.fs=ALL-UNNAMED -Declipse.application=org.eclipse.jdt.ls.core.id1 -Dosgi.bundles.defaultStartLevel=4 -Declipse.product=org.eclipse.jdt.ls.core.product -Djava.import.generatesMetadataFilesAtProjectRoot=false -Dfile.encoding=utf8 -XX:+UseParallelGC -XX:GCTimeRatio=4 -XX:AdaptiveSizePolicyWeight=90 -Dsun.zip.disableMemoryMapping=true -Xmx1G -Xms100m -Xlog:disable -javaagent:c:\Users\Derek Hansen\.vscode\extensions\redhat.java-1.16.0-win32-x64\lombok\lombok-1.18.24.jar 
java_command: c:\Users\Derek Hansen\.vscode\extensions\redhat.java-1.16.0-win32-x64\server\plugins\org.eclipse.equinox.launcher_1.6.400.v20210924-0641.jar -configuration c:\Users\Derek Hansen\AppData\Roaming\Code\User\globalStorage\redhat.java\1.16.0\config_ss_win -data c:\Users\Derek Hansen\AppData\Roaming\Code\User\workspaceStorage\db3c88f1ac4956606dfded923fbef6ac\redhat.java\ss_ws
java_class_path (initial): c:\Users\Derek Hansen\.vscode\extensions\redhat.java-1.16.0-win32-x64\server\plugins\org.eclipse.equinox.launcher_1.6.400.v20210924-0641.jar
Launcher Type: SUN_STANDARD

[Global flags]
    uintx AdaptiveSizePolicyWeight                 = 90                                        {product} {command line}
     intx CICompilerCount                          = 4                                         {product} {ergonomic}
    uintx GCTimeRatio                              = 4                                         {product} {command line}
   size_t InitialHeapSize                          = 104857600                                 {product} {command line}
   size_t MaxHeapSize                              = 1073741824                                {product} {command line}
   size_t MaxNewSize                               = 357564416                                 {product} {ergonomic}
   size_t MinHeapDeltaBytes                        = 524288                                    {product} {ergonomic}
   size_t MinHeapSize                              = 104857600                                 {product} {command line}
   size_t NewSize                                  = 34603008                                  {product} {ergonomic}
    uintx NonNMethodCodeHeapSize                   = 5839372                                {pd product} {ergonomic}
    uintx NonProfiledCodeHeapSize                  = 122909434                              {pd product} {ergonomic}
   size_t OldSize                                  = 70254592                                  {product} {ergonomic}
    uintx ProfiledCodeHeapSize                     = 122909434                              {pd product} {ergonomic}
    uintx ReservedCodeCacheSize                    = 251658240                              {pd product} {ergonomic}
     bool SegmentedCodeCache                       = true                                      {product} {ergonomic}
   size_t SoftMaxHeapSize                          = 1073741824                             {manageable} {ergonomic}
     bool UseCompressedClassPointers               = true                           {product lp64_product} {ergonomic}
     bool UseCompressedOops                        = true                           {product lp64_product} {ergonomic}
     bool UseLargePagesIndividualAllocation        = false                                  {pd product} {ergonomic}
     bool UseParallelGC                            = true                                      {product} {command line}

Logging:
Log output configuration:
 #0: stdout all=off uptime,level,tags
 #1: stderr all=off uptime,level,tags

Environment Variables:
PATH=C:\Program Files (x86)\Common Files\Oracle\Java\javapath;C:\Windows\system32;C:\Windows;C:\Windows\System32\Wbem;C:\Windows\System32\WindowsPowerShell\v1.0\;C:\Windows\System32\OpenSSH\;C:\Program Files\Git\cmd;C:\Program Files\MATLAB\R2020b\bin;C:\ProgramData\chocolatey\bin;C:\Program Files (x86)\HP\Common\HPDestPlgIn\;C:\MinGW\bin;C:\Program Files\dotnet\;C:\Program Files\Calibre2\;C:\Program Files\nodejs\;C:\Users\Derek Hansen\AppData\Local\Microsoft\WindowsApps;C:\Users\Derek Hansen\AppData\Local\atom\bin;C:\Users\Derek Hansen\AppData\Local\Programs\Microsoft VS Code\bin;C:\Users\Derek Hansen\AppData\Roaming\cabal\bin;C:\tools\ghc-9.0.1\bin;C:\tools\msys64;C:\Users\Derek Hansen\AppData\Local\GitHubDesktop\bin;C:\ProgramData\Anaconda3;C:\ProgramData\Anaconda3\Scripts;C:\ProgramData\Anaconda3\Library\bin;C:\Program Files (x86)\HP\Common\HPDestPlgIn\;C:\Users\Derek Hansen\AppData\Roaming\npm
USERNAME=Derek-Hansen
OS=Windows_NT
PROCESSOR_IDENTIFIER=AMD64 Family 23 Model 96 Stepping 1, AuthenticAMD
TMP=C:\Users\Derek Hansen\AppData\Local\Temp
TEMP=C:\Users\Derek Hansen\AppData\Local\Temp



---------------  S Y S T E M  ---------------

OS:
 Windows 10 , 64 bit Build 19041 (10.0.19041.2546)
OS uptime: 6 days 9:02 hours

CPU: total 12 (initial active 12) (12 cores per cpu, 2 threads per core) family 23 model 96 stepping 1 microcode 0x0, cx8, cmov, fxsr, ht, mmx, 3dnowpref, sse, sse2, sse3, ssse3, sse4a, sse4.1, sse4.2, popcnt, lzcnt, tsc, tscinvbit, avx, avx2, aes, clmul, bmi1, bmi2, adx, sha, fma, vzeroupper, clflush, clflushopt

Memory: 4k page, system-wide physical 15591M (6243M free)
TotalPageFile size 62695M (AvailPageFile size 4M)
current process WorkingSet (physical memory assigned to process): 156M, peak: 157M
current process commit charge ("private bytes"): 259M, peak: 271M

vm_info: OpenJDK 64-Bit Server VM (17.0.6+10) for windows-amd64 JRE (17.0.6+10), built on Jan 18 2023 10:08:59 by "temurin" with MS VC++ 16.7 (VS2019)

END.
